<?xml version="1.0" encoding="UTF-8"?>
<testng-results skipped="0" failed="0" ignored="103" total="109" passed="6">
  <reporter-output>
  </reporter-output>
  <suite name="Suite" duration-ms="6891266" started-at="2020-09-11T17:30:07Z" finished-at="2020-09-11T19:24:58Z">
    <groups>
      <group name="REQ_918_B20_404">
        <method signature="QCStore.B20_404_TS_11()[pri:11, instance:tests.QCStore@5f9d02cb]" name="B20_404_TS_11" class="tests.QCStore"/>
        <method signature="QCStore.B20_404_TS_12()[pri:12, instance:tests.QCStore@5f9d02cb]" name="B20_404_TS_12" class="tests.QCStore"/>
        <method signature="QCStore.B20_404_TS_13()[pri:13, instance:tests.QCStore@5f9d02cb]" name="B20_404_TS_13" class="tests.QCStore"/>
        <method signature="QCStore.B20_404_TS_14()[pri:14, instance:tests.QCStore@5f9d02cb]" name="B20_404_TS_14" class="tests.QCStore"/>
        <method signature="QCStore.B20_404_TS_15()[pri:15, instance:tests.QCStore@5f9d02cb]" name="B20_404_TS_15" class="tests.QCStore"/>
        <method signature="QCStore.B20_404_TS_16()[pri:16, instance:tests.QCStore@5f9d02cb]" name="B20_404_TS_16" class="tests.QCStore"/>
      </group> <!-- REQ_918_B20_404 -->
    </groups>
    <test name="Test" duration-ms="6891266" started-at="2020-09-11T17:30:07Z" finished-at="2020-09-11T19:24:58Z">
      <class name="tests.QCStore">
        <test-method status="PASS" signature="setup()[pri:0, instance:tests.QCStore@5f9d02cb]" name="setup" is-config="true" duration-ms="75" started-at="2020-09-11T17:30:07Z" finished-at="2020-09-11T17:30:07Z">
          <reporter-output>
          </reporter-output>
        </test-method> <!-- setup -->
        <test-method status="PASS" signature="killProcess()[pri:0, instance:tests.QCStore@5f9d02cb]" name="killProcess" is-config="true" duration-ms="6" started-at="2020-09-11T17:30:07Z" finished-at="2020-09-11T17:30:07Z">
          <reporter-output>
          </reporter-output>
        </test-method> <!-- killProcess -->
        <test-method status="PASS" signature="B20_404_TS_11()[pri:11, instance:tests.QCStore@5f9d02cb]" name="B20_404_TS_11" duration-ms="1535530" started-at="2020-09-11T17:30:07Z" finished-at="2020-09-11T17:55:43Z">
          <reporter-output>
          </reporter-output>
        </test-method> <!-- B20_404_TS_11 -->
        <test-method status="PASS" signature="getResult(org.testng.ITestResult)[pri:0, instance:tests.QCStore@5f9d02cb]" name="getResult" is-config="true" duration-ms="198" started-at="2020-09-11T17:55:43Z" finished-at="2020-09-11T17:55:43Z">
          <params>
            <param index="0">
              <value>
                <![CDATA[[TestResult name=B20_404_TS_11 status=SUCCESS method=QCStore.B20_404_TS_11()[pri:11, instance:tests.QCStore@5f9d02cb] output={null}]]]>
              </value>
            </param>
          </params>
          <reporter-output>
          </reporter-output>
        </test-method> <!-- getResult -->
        <test-method status="PASS" signature="killProcess()[pri:0, instance:tests.QCStore@5f9d02cb]" name="killProcess" is-config="true" duration-ms="4" started-at="2020-09-11T17:55:43Z" finished-at="2020-09-11T17:55:43Z">
          <reporter-output>
          </reporter-output>
        </test-method> <!-- killProcess -->
        <test-method status="PASS" signature="B20_404_TS_12()[pri:12, instance:tests.QCStore@5f9d02cb]" name="B20_404_TS_12" duration-ms="1033714" started-at="2020-09-11T17:55:43Z" finished-at="2020-09-11T18:12:57Z">
          <reporter-output>
          </reporter-output>
        </test-method> <!-- B20_404_TS_12 -->
        <test-method status="PASS" signature="getResult(org.testng.ITestResult)[pri:0, instance:tests.QCStore@5f9d02cb]" name="getResult" is-config="true" duration-ms="109" started-at="2020-09-11T18:12:57Z" finished-at="2020-09-11T18:12:57Z">
          <params>
            <param index="0">
              <value>
                <![CDATA[[TestResult name=B20_404_TS_12 status=SUCCESS method=QCStore.B20_404_TS_12()[pri:12, instance:tests.QCStore@5f9d02cb] output={null}]]]>
              </value>
            </param>
          </params>
          <reporter-output>
          </reporter-output>
        </test-method> <!-- getResult -->
        <test-method status="PASS" signature="B20_404_TS_13()[pri:13, instance:tests.QCStore@5f9d02cb]" name="B20_404_TS_13" duration-ms="1260361" started-at="2020-09-11T18:12:57Z" finished-at="2020-09-11T18:33:57Z">
          <reporter-output>
          </reporter-output>
        </test-method> <!-- B20_404_TS_13 -->
        <test-method status="PASS" signature="killProcess()[pri:0, instance:tests.QCStore@5f9d02cb]" name="killProcess" is-config="true" duration-ms="0" started-at="2020-09-11T18:12:57Z" finished-at="2020-09-11T18:12:57Z">
          <reporter-output>
          </reporter-output>
        </test-method> <!-- killProcess -->
        <test-method status="PASS" signature="getResult(org.testng.ITestResult)[pri:0, instance:tests.QCStore@5f9d02cb]" name="getResult" is-config="true" duration-ms="17" started-at="2020-09-11T18:33:57Z" finished-at="2020-09-11T18:33:57Z">
          <params>
            <param index="0">
              <value>
                <![CDATA[[TestResult name=B20_404_TS_13 status=SUCCESS method=QCStore.B20_404_TS_13()[pri:13, instance:tests.QCStore@5f9d02cb] output={null}]]]>
              </value>
            </param>
          </params>
          <reporter-output>
          </reporter-output>
        </test-method> <!-- getResult -->
        <test-method status="PASS" signature="killProcess()[pri:0, instance:tests.QCStore@5f9d02cb]" name="killProcess" is-config="true" duration-ms="16" started-at="2020-09-11T18:33:57Z" finished-at="2020-09-11T18:33:57Z">
          <reporter-output>
          </reporter-output>
        </test-method> <!-- killProcess -->
        <test-method status="PASS" signature="B20_404_TS_14()[pri:14, instance:tests.QCStore@5f9d02cb]" name="B20_404_TS_14" duration-ms="950910" started-at="2020-09-11T18:33:57Z" finished-at="2020-09-11T18:49:48Z">
          <reporter-output>
          </reporter-output>
        </test-method> <!-- B20_404_TS_14 -->
        <test-method status="PASS" signature="getResult(org.testng.ITestResult)[pri:0, instance:tests.QCStore@5f9d02cb]" name="getResult" is-config="true" duration-ms="31" started-at="2020-09-11T18:49:48Z" finished-at="2020-09-11T18:49:48Z">
          <params>
            <param index="0">
              <value>
                <![CDATA[[TestResult name=B20_404_TS_14 status=SUCCESS method=QCStore.B20_404_TS_14()[pri:14, instance:tests.QCStore@5f9d02cb] output={null}]]]>
              </value>
            </param>
          </params>
          <reporter-output>
          </reporter-output>
        </test-method> <!-- getResult -->
        <test-method status="PASS" signature="killProcess()[pri:0, instance:tests.QCStore@5f9d02cb]" name="killProcess" is-config="true" duration-ms="5" started-at="2020-09-11T18:49:48Z" finished-at="2020-09-11T18:49:48Z">
          <reporter-output>
          </reporter-output>
        </test-method> <!-- killProcess -->
        <test-method status="PASS" signature="B20_404_TS_15()[pri:15, instance:tests.QCStore@5f9d02cb]" name="B20_404_TS_15" duration-ms="544108" started-at="2020-09-11T18:49:48Z" finished-at="2020-09-11T18:58:52Z">
          <reporter-output>
          </reporter-output>
        </test-method> <!-- B20_404_TS_15 -->
        <test-method status="PASS" signature="getResult(org.testng.ITestResult)[pri:0, instance:tests.QCStore@5f9d02cb]" name="getResult" is-config="true" duration-ms="660" started-at="2020-09-11T18:58:52Z" finished-at="2020-09-11T18:58:53Z">
          <params>
            <param index="0">
              <value>
                <![CDATA[[TestResult name=B20_404_TS_15 status=SUCCESS method=QCStore.B20_404_TS_15()[pri:15, instance:tests.QCStore@5f9d02cb] output={null}]]]>
              </value>
            </param>
          </params>
          <reporter-output>
          </reporter-output>
        </test-method> <!-- getResult -->
        <test-method status="PASS" signature="B20_404_TS_16()[pri:16, instance:tests.QCStore@5f9d02cb]" name="B20_404_TS_16" duration-ms="1565473" started-at="2020-09-11T18:58:53Z" finished-at="2020-09-11T19:24:58Z">
          <reporter-output>
          </reporter-output>
        </test-method> <!-- B20_404_TS_16 -->
        <test-method status="PASS" signature="killProcess()[pri:0, instance:tests.QCStore@5f9d02cb]" name="killProcess" is-config="true" duration-ms="0" started-at="2020-09-11T18:58:53Z" finished-at="2020-09-11T18:58:53Z">
          <reporter-output>
          </reporter-output>
        </test-method> <!-- killProcess -->
        <test-method status="PASS" signature="getResult(org.testng.ITestResult)[pri:0, instance:tests.QCStore@5f9d02cb]" name="getResult" is-config="true" duration-ms="33" started-at="2020-09-11T19:24:58Z" finished-at="2020-09-11T19:24:58Z">
          <params>
            <param index="0">
              <value>
                <![CDATA[[TestResult name=B20_404_TS_16 status=SUCCESS method=QCStore.B20_404_TS_16()[pri:16, instance:tests.QCStore@5f9d02cb] output={null}]]]>
              </value>
            </param>
          </params>
          <reporter-output>
          </reporter-output>
        </test-method> <!-- getResult -->
      </class> <!-- tests.QCStore -->
    </test> <!-- Test -->
  </suite> <!-- Suite -->
</testng-results>
