<?xml version="1.0" encoding="UTF-8"?>
<!-- Generated by org.testng.reporters.JUnitXMLReporter -->
<testsuite hostname="QTLSYS1-182" ignored="6" name="Test" tests="1" failures="0" timestamp="12 Apr 2019 13:23:15 GMT" time="51.824" errors="0">
  <testcase name="Reverse_and_Reallocation" time="46.551" classname="tests.QCStore"/>
  <testcase name="Recon_ILP_EARNED_FEE_Variance" time="0.0" classname="tests.QCStore">
    <ignored/>
  </testcase> <!-- Recon_ILP_EARNED_FEE_Variance -->
  <testcase name="Recon_CashRoll" time="0.0" classname="tests.QCStore">
    <ignored/>
  </testcase> <!-- Recon_CashRoll -->
  <testcase name="Recon_ILP_Debit_Card_Variance_scenario" time="0.0" classname="tests.QCStore">
    <ignored/>
  </testcase> <!-- Recon_ILP_Debit_Card_Variance_scenario -->
  <testcase name="WriteOff" time="0.0" classname="tests.QCStore">
    <ignored/>
  </testcase> <!-- WriteOff -->
  <testcase name="EPP" time="0.0" classname="tests.QCStore">
    <ignored/>
  </testcase> <!-- EPP -->
  <testcase name="ERM_Re_deposit" time="0.0" classname="tests.QCStore">
    <ignored/>
  </testcase> <!-- ERM_Re_deposit -->
</testsuite> <!-- Test -->
