<?xml version="1.0" encoding="UTF-8"?>
<testng-results skipped="0" failed="0" ignored="26" total="34" passed="8">
  <reporter-output>
  </reporter-output>
  <suite name="Suite" duration-ms="4325671" started-at="2020-03-20T08:55:26Z" finished-at="2020-03-20T10:07:32Z">
    <groups>
      <group name="Janaki">
        <method signature="QCStore.JQC_DefaultPayment_Txn_Testdata()[pri:207, instance:tests.QCStore@527740a2]" name="JQC_DefaultPayment_Txn_Testdata" class="tests.QCStore"/>
        <method signature="QCStore.JQC_DefaultPayment_Void_Txn_Testdata()[pri:208, instance:tests.QCStore@527740a2]" name="JQC_DefaultPayment_Void_Txn_Testdata" class="tests.QCStore"/>
        <method signature="QCStore.JQC_TLP_Deceased_Txn()[pri:206, instance:tests.QCStore@527740a2]" name="JQC_TLP_Deceased_Txn" class="tests.QCStore"/>
        <method signature="QCStore.JQC_TLP_Deposit_Menu_Txn()[pri:204, instance:tests.QCStore@527740a2]" name="JQC_TLP_Deposit_Menu_Txn" class="tests.QCStore"/>
        <method signature="QCStore.JQC_TLP_Deposit_dropdown_Txn()[pri:203, instance:tests.QCStore@527740a2]" name="JQC_TLP_Deposit_dropdown_Txn" class="tests.QCStore"/>
        <method signature="QCStore.JQC_TLP_GraceDays_Deposit_Menu_Txn()[pri:202, instance:tests.QCStore@527740a2]" name="JQC_TLP_GraceDays_Deposit_Menu_Txn" class="tests.QCStore"/>
        <method signature="QCStore.JQC_TLP_GraceDays_Deposit_MidDay_Txn()[pri:201, instance:tests.QCStore@527740a2]" name="JQC_TLP_GraceDays_Deposit_MidDay_Txn" class="tests.QCStore"/>
        <method signature="QCStore.JQC_TLP_GraceDays_Deposit_dropdown_Txn()[pri:205, instance:tests.QCStore@527740a2]" name="JQC_TLP_GraceDays_Deposit_dropdown_Txn" class="tests.QCStore"/>
      </group> <!-- Janaki -->
    </groups>
    <test name="Test" duration-ms="4325671" started-at="2020-03-20T08:55:26Z" finished-at="2020-03-20T10:07:32Z">
      <class name="tests.QCStore">
        <test-method status="PASS" signature="setup()[pri:0, instance:tests.QCStore@527740a2]" name="setup" is-config="true" duration-ms="94" started-at="2020-03-20T08:55:26Z" finished-at="2020-03-20T08:55:26Z">
          <reporter-output>
          </reporter-output>
        </test-method> <!-- setup -->
        <test-method status="PASS" signature="killProcess()[pri:0, instance:tests.QCStore@527740a2]" name="killProcess" is-config="true" duration-ms="5001" started-at="2020-03-20T08:55:26Z" finished-at="2020-03-20T08:55:31Z">
          <reporter-output>
          </reporter-output>
        </test-method> <!-- killProcess -->
        <test-method status="PASS" signature="JQC_TLP_GraceDays_Deposit_MidDay_Txn()[pri:201, instance:tests.QCStore@527740a2]" name="JQC_TLP_GraceDays_Deposit_MidDay_Txn" duration-ms="526627" started-at="2020-03-20T08:55:31Z" finished-at="2020-03-20T09:04:18Z">
          <reporter-output>
          </reporter-output>
        </test-method> <!-- JQC_TLP_GraceDays_Deposit_MidDay_Txn -->
        <test-method status="PASS" signature="getResult(org.testng.ITestResult)[pri:0, instance:tests.QCStore@527740a2]" name="getResult" is-config="true" duration-ms="156" started-at="2020-03-20T09:04:18Z" finished-at="2020-03-20T09:04:18Z">
          <params>
            <param index="0">
              <value>
                <![CDATA[[TestResult name=JQC_TLP_GraceDays_Deposit_MidDay_Txn status=SUCCESS method=QCStore.JQC_TLP_GraceDays_Deposit_MidDay_Txn()[pri:201, instance:tests.QCStore@527740a2] output={null}]]]>
              </value>
            </param>
          </params>
          <reporter-output>
          </reporter-output>
        </test-method> <!-- getResult -->
        <test-method status="PASS" signature="endReport()[pri:0, instance:tests.QCStore@527740a2]" name="endReport" is-config="true" duration-ms="0" started-at="2020-03-20T09:04:18Z" finished-at="2020-03-20T09:04:18Z">
          <reporter-output>
          </reporter-output>
        </test-method> <!-- endReport -->
        <test-method status="PASS" signature="killProcess()[pri:0, instance:tests.QCStore@527740a2]" name="killProcess" is-config="true" duration-ms="5008" started-at="2020-03-20T09:04:18Z" finished-at="2020-03-20T09:04:23Z">
          <reporter-output>
          </reporter-output>
        </test-method> <!-- killProcess -->
        <test-method status="PASS" signature="JQC_TLP_GraceDays_Deposit_Menu_Txn()[pri:202, instance:tests.QCStore@527740a2]" name="JQC_TLP_GraceDays_Deposit_Menu_Txn" duration-ms="496113" started-at="2020-03-20T09:04:23Z" finished-at="2020-03-20T09:12:39Z">
          <reporter-output>
          </reporter-output>
        </test-method> <!-- JQC_TLP_GraceDays_Deposit_Menu_Txn -->
        <test-method status="PASS" signature="endReport()[pri:0, instance:tests.QCStore@527740a2]" name="endReport" is-config="true" duration-ms="0" started-at="2020-03-20T09:12:39Z" finished-at="2020-03-20T09:12:39Z">
          <reporter-output>
          </reporter-output>
        </test-method> <!-- endReport -->
        <test-method status="PASS" signature="getResult(org.testng.ITestResult)[pri:0, instance:tests.QCStore@527740a2]" name="getResult" is-config="true" duration-ms="46" started-at="2020-03-20T09:12:39Z" finished-at="2020-03-20T09:12:39Z">
          <params>
            <param index="0">
              <value>
                <![CDATA[[TestResult name=JQC_TLP_GraceDays_Deposit_Menu_Txn status=SUCCESS method=QCStore.JQC_TLP_GraceDays_Deposit_Menu_Txn()[pri:202, instance:tests.QCStore@527740a2] output={null}]]]>
              </value>
            </param>
          </params>
          <reporter-output>
          </reporter-output>
        </test-method> <!-- getResult -->
        <test-method status="PASS" signature="killProcess()[pri:0, instance:tests.QCStore@527740a2]" name="killProcess" is-config="true" duration-ms="5009" started-at="2020-03-20T09:12:39Z" finished-at="2020-03-20T09:12:44Z">
          <reporter-output>
          </reporter-output>
        </test-method> <!-- killProcess -->
        <test-method status="PASS" signature="JQC_TLP_Deposit_dropdown_Txn()[pri:203, instance:tests.QCStore@527740a2]" name="JQC_TLP_Deposit_dropdown_Txn" duration-ms="453685" started-at="2020-03-20T09:12:44Z" finished-at="2020-03-20T09:20:18Z">
          <reporter-output>
          </reporter-output>
        </test-method> <!-- JQC_TLP_Deposit_dropdown_Txn -->
        <test-method status="PASS" signature="endReport()[pri:0, instance:tests.QCStore@527740a2]" name="endReport" is-config="true" duration-ms="0" started-at="2020-03-20T09:20:18Z" finished-at="2020-03-20T09:20:18Z">
          <reporter-output>
          </reporter-output>
        </test-method> <!-- endReport -->
        <test-method status="PASS" signature="getResult(org.testng.ITestResult)[pri:0, instance:tests.QCStore@527740a2]" name="getResult" is-config="true" duration-ms="16" started-at="2020-03-20T09:20:18Z" finished-at="2020-03-20T09:20:18Z">
          <params>
            <param index="0">
              <value>
                <![CDATA[[TestResult name=JQC_TLP_Deposit_dropdown_Txn status=SUCCESS method=QCStore.JQC_TLP_Deposit_dropdown_Txn()[pri:203, instance:tests.QCStore@527740a2] output={null}]]]>
              </value>
            </param>
          </params>
          <reporter-output>
          </reporter-output>
        </test-method> <!-- getResult -->
        <test-method status="PASS" signature="killProcess()[pri:0, instance:tests.QCStore@527740a2]" name="killProcess" is-config="true" duration-ms="5009" started-at="2020-03-20T09:20:18Z" finished-at="2020-03-20T09:20:23Z">
          <reporter-output>
          </reporter-output>
        </test-method> <!-- killProcess -->
        <test-method status="PASS" signature="JQC_TLP_Deposit_Menu_Txn()[pri:204, instance:tests.QCStore@527740a2]" name="JQC_TLP_Deposit_Menu_Txn" duration-ms="575887" started-at="2020-03-20T09:20:23Z" finished-at="2020-03-20T09:29:59Z">
          <reporter-output>
          </reporter-output>
        </test-method> <!-- JQC_TLP_Deposit_Menu_Txn -->
        <test-method status="PASS" signature="getResult(org.testng.ITestResult)[pri:0, instance:tests.QCStore@527740a2]" name="getResult" is-config="true" duration-ms="31" started-at="2020-03-20T09:29:59Z" finished-at="2020-03-20T09:29:59Z">
          <params>
            <param index="0">
              <value>
                <![CDATA[[TestResult name=JQC_TLP_Deposit_Menu_Txn status=SUCCESS method=QCStore.JQC_TLP_Deposit_Menu_Txn()[pri:204, instance:tests.QCStore@527740a2] output={null}]]]>
              </value>
            </param>
          </params>
          <reporter-output>
          </reporter-output>
        </test-method> <!-- getResult -->
        <test-method status="PASS" signature="endReport()[pri:0, instance:tests.QCStore@527740a2]" name="endReport" is-config="true" duration-ms="0" started-at="2020-03-20T09:29:59Z" finished-at="2020-03-20T09:29:59Z">
          <reporter-output>
          </reporter-output>
        </test-method> <!-- endReport -->
        <test-method status="PASS" signature="killProcess()[pri:0, instance:tests.QCStore@527740a2]" name="killProcess" is-config="true" duration-ms="5014" started-at="2020-03-20T09:29:59Z" finished-at="2020-03-20T09:30:04Z">
          <reporter-output>
          </reporter-output>
        </test-method> <!-- killProcess -->
        <test-method status="PASS" signature="JQC_TLP_GraceDays_Deposit_dropdown_Txn()[pri:205, instance:tests.QCStore@527740a2]" name="JQC_TLP_GraceDays_Deposit_dropdown_Txn" duration-ms="499063" started-at="2020-03-20T09:30:04Z" finished-at="2020-03-20T09:38:23Z">
          <reporter-output>
          </reporter-output>
        </test-method> <!-- JQC_TLP_GraceDays_Deposit_dropdown_Txn -->
        <test-method status="PASS" signature="getResult(org.testng.ITestResult)[pri:0, instance:tests.QCStore@527740a2]" name="getResult" is-config="true" duration-ms="31" started-at="2020-03-20T09:38:23Z" finished-at="2020-03-20T09:38:23Z">
          <params>
            <param index="0">
              <value>
                <![CDATA[[TestResult name=JQC_TLP_GraceDays_Deposit_dropdown_Txn status=SUCCESS method=QCStore.JQC_TLP_GraceDays_Deposit_dropdown_Txn()[pri:205, instance:tests.QCStore@527740a2] output={null}]]]>
              </value>
            </param>
          </params>
          <reporter-output>
          </reporter-output>
        </test-method> <!-- getResult -->
        <test-method status="PASS" signature="endReport()[pri:0, instance:tests.QCStore@527740a2]" name="endReport" is-config="true" duration-ms="0" started-at="2020-03-20T09:38:23Z" finished-at="2020-03-20T09:38:23Z">
          <reporter-output>
          </reporter-output>
        </test-method> <!-- endReport -->
        <test-method status="PASS" signature="killProcess()[pri:0, instance:tests.QCStore@527740a2]" name="killProcess" is-config="true" duration-ms="5002" started-at="2020-03-20T09:38:23Z" finished-at="2020-03-20T09:38:28Z">
          <reporter-output>
          </reporter-output>
        </test-method> <!-- killProcess -->
        <test-method status="PASS" signature="JQC_TLP_Deceased_Txn()[pri:206, instance:tests.QCStore@527740a2]" name="JQC_TLP_Deceased_Txn" duration-ms="481031" started-at="2020-03-20T09:38:28Z" finished-at="2020-03-20T09:46:29Z">
          <reporter-output>
          </reporter-output>
        </test-method> <!-- JQC_TLP_Deceased_Txn -->
        <test-method status="PASS" signature="getResult(org.testng.ITestResult)[pri:0, instance:tests.QCStore@527740a2]" name="getResult" is-config="true" duration-ms="31" started-at="2020-03-20T09:46:29Z" finished-at="2020-03-20T09:46:29Z">
          <params>
            <param index="0">
              <value>
                <![CDATA[[TestResult name=JQC_TLP_Deceased_Txn status=SUCCESS method=QCStore.JQC_TLP_Deceased_Txn()[pri:206, instance:tests.QCStore@527740a2] output={null}]]]>
              </value>
            </param>
          </params>
          <reporter-output>
          </reporter-output>
        </test-method> <!-- getResult -->
        <test-method status="PASS" signature="endReport()[pri:0, instance:tests.QCStore@527740a2]" name="endReport" is-config="true" duration-ms="0" started-at="2020-03-20T09:46:29Z" finished-at="2020-03-20T09:46:29Z">
          <reporter-output>
          </reporter-output>
        </test-method> <!-- endReport -->
        <test-method status="PASS" signature="killProcess()[pri:0, instance:tests.QCStore@527740a2]" name="killProcess" is-config="true" duration-ms="5008" started-at="2020-03-20T09:46:29Z" finished-at="2020-03-20T09:46:34Z">
          <reporter-output>
          </reporter-output>
        </test-method> <!-- killProcess -->
        <test-method status="PASS" signature="JQC_DefaultPayment_Txn_Testdata()[pri:207, instance:tests.QCStore@527740a2]" name="JQC_DefaultPayment_Txn_Testdata" duration-ms="537011" started-at="2020-03-20T09:46:34Z" finished-at="2020-03-20T09:55:31Z">
          <reporter-output>
          </reporter-output>
        </test-method> <!-- JQC_DefaultPayment_Txn_Testdata -->
        <test-method status="PASS" signature="endReport()[pri:0, instance:tests.QCStore@527740a2]" name="endReport" is-config="true" duration-ms="0" started-at="2020-03-20T09:55:31Z" finished-at="2020-03-20T09:55:31Z">
          <reporter-output>
          </reporter-output>
        </test-method> <!-- endReport -->
        <test-method status="PASS" signature="getResult(org.testng.ITestResult)[pri:0, instance:tests.QCStore@527740a2]" name="getResult" is-config="true" duration-ms="31" started-at="2020-03-20T09:55:31Z" finished-at="2020-03-20T09:55:31Z">
          <params>
            <param index="0">
              <value>
                <![CDATA[[TestResult name=JQC_DefaultPayment_Txn_Testdata status=SUCCESS method=QCStore.JQC_DefaultPayment_Txn_Testdata()[pri:207, instance:tests.QCStore@527740a2] output={null}]]]>
              </value>
            </param>
          </params>
          <reporter-output>
          </reporter-output>
        </test-method> <!-- getResult -->
        <test-method status="PASS" signature="killProcess()[pri:0, instance:tests.QCStore@527740a2]" name="killProcess" is-config="true" duration-ms="5008" started-at="2020-03-20T09:55:31Z" finished-at="2020-03-20T09:55:36Z">
          <reporter-output>
          </reporter-output>
        </test-method> <!-- killProcess -->
        <test-method status="PASS" signature="JQC_DefaultPayment_Void_Txn_Testdata()[pri:208, instance:tests.QCStore@527740a2]" name="JQC_DefaultPayment_Void_Txn_Testdata" duration-ms="715702" started-at="2020-03-20T09:55:36Z" finished-at="2020-03-20T10:07:32Z">
          <reporter-output>
          </reporter-output>
        </test-method> <!-- JQC_DefaultPayment_Void_Txn_Testdata -->
        <test-method status="PASS" signature="endReport()[pri:0, instance:tests.QCStore@527740a2]" name="endReport" is-config="true" duration-ms="0" started-at="2020-03-20T10:07:32Z" finished-at="2020-03-20T10:07:32Z">
          <reporter-output>
          </reporter-output>
        </test-method> <!-- endReport -->
        <test-method status="PASS" signature="getResult(org.testng.ITestResult)[pri:0, instance:tests.QCStore@527740a2]" name="getResult" is-config="true" duration-ms="31" started-at="2020-03-20T10:07:32Z" finished-at="2020-03-20T10:07:32Z">
          <params>
            <param index="0">
              <value>
                <![CDATA[[TestResult name=JQC_DefaultPayment_Void_Txn_Testdata status=SUCCESS method=QCStore.JQC_DefaultPayment_Void_Txn_Testdata()[pri:208, instance:tests.QCStore@527740a2] output={null}]]]>
              </value>
            </param>
          </params>
          <reporter-output>
          </reporter-output>
        </test-method> <!-- getResult -->
      </class> <!-- tests.QCStore -->
    </test> <!-- Test -->
  </suite> <!-- Suite -->
</testng-results>
