<?xml version="1.0" encoding="UTF-8"?>
<testng-results skipped="0" failed="0" ignored="24" total="25" passed="1">
  <reporter-output>
  </reporter-output>
  <suite name="Suite" duration-ms="750445" started-at="2019-10-30T12:56:05Z" finished-at="2019-10-30T13:08:35Z">
    <groups>
      <group name="Anoop1">
        <method signature="QCStore.borrowregNewloan_TLP()[pri:13, instance:tests.QCStore@56235b8e]" name="borrowregNewloan_TLP" class="tests.QCStore"/>
      </group> <!-- Anoop1 -->
    </groups>
    <test name="Test" duration-ms="750445" started-at="2019-10-30T12:56:05Z" finished-at="2019-10-30T13:08:35Z">
      <class name="tests.QCStore">
        <test-method status="PASS" signature="setup()[pri:0, instance:tests.QCStore@56235b8e]" name="setup" is-config="true" duration-ms="77" started-at="2019-10-30T12:56:05Z" finished-at="2019-10-30T12:56:05Z">
          <reporter-output>
          </reporter-output>
        </test-method> <!-- setup -->
        <test-method status="PASS" signature="killProcess()[pri:0, instance:tests.QCStore@56235b8e]" name="killProcess" is-config="true" duration-ms="1011" started-at="2019-10-30T12:56:05Z" finished-at="2019-10-30T12:56:06Z">
          <reporter-output>
          </reporter-output>
        </test-method> <!-- killProcess -->
        <test-method status="PASS" signature="borrowregNewloan_TLP()[pri:13, instance:tests.QCStore@56235b8e]" name="borrowregNewloan_TLP" duration-ms="749096" started-at="2019-10-30T12:56:06Z" finished-at="2019-10-30T13:08:35Z">
          <reporter-output>
          </reporter-output>
        </test-method> <!-- borrowregNewloan_TLP -->
        <test-method status="PASS" signature="getResult(org.testng.ITestResult)[pri:0, instance:tests.QCStore@56235b8e]" name="getResult" is-config="true" duration-ms="242" started-at="2019-10-30T13:08:35Z" finished-at="2019-10-30T13:08:35Z">
          <params>
            <param index="0">
              <value>
                <![CDATA[[TestResult name=borrowregNewloan_TLP status=SUCCESS method=QCStore.borrowregNewloan_TLP()[pri:13, instance:tests.QCStore@56235b8e] output={null}]]]>
              </value>
            </param>
          </params>
          <reporter-output>
          </reporter-output>
        </test-method> <!-- getResult -->
      </class> <!-- tests.QCStore -->
    </test> <!-- Test -->
  </suite> <!-- Suite -->
</testng-results>
