<?xml version="1.0" encoding="UTF-8"?>
<testng-results skipped="0" failed="0" ignored="31" total="32" passed="1">
  <reporter-output>
  </reporter-output>
  <suite name="Suite" duration-ms="90344" started-at="2020-09-14T04:39:45Z" finished-at="2020-09-14T04:41:15Z">
    <groups>
      <group name="Jyothi_PDL_Accounting1">
        <method signature="QCStore.QC_Full_Buyback_Txn()[pri:1, instance:tests.QCStore@5f9d02cb]" name="QC_Full_Buyback_Txn" class="tests.QCStore"/>
      </group> <!-- Jyothi_PDL_Accounting1 -->
    </groups>
    <test name="Test" duration-ms="90344" started-at="2020-09-14T04:39:45Z" finished-at="2020-09-14T04:41:15Z">
      <class name="tests.QCStore">
        <test-method status="PASS" signature="setup()[pri:0, instance:tests.QCStore@5f9d02cb]" name="setup" is-config="true" duration-ms="78" started-at="2020-09-14T04:39:45Z" finished-at="2020-09-14T04:39:45Z">
          <reporter-output>
          </reporter-output>
        </test-method> <!-- setup -->
        <test-method status="PASS" signature="killProcess()[pri:0, instance:tests.QCStore@5f9d02cb]" name="killProcess" is-config="true" duration-ms="0" started-at="2020-09-14T04:39:45Z" finished-at="2020-09-14T04:39:45Z">
          <reporter-output>
          </reporter-output>
        </test-method> <!-- killProcess -->
        <test-method status="PASS" signature="QC_Full_Buyback_Txn()[pri:1, instance:tests.QCStore@5f9d02cb]" name="QC_Full_Buyback_Txn" duration-ms="89469" started-at="2020-09-14T04:39:45Z" finished-at="2020-09-14T04:41:14Z">
          <reporter-output>
          </reporter-output>
        </test-method> <!-- QC_Full_Buyback_Txn -->
        <test-method status="PASS" signature="getResult(org.testng.ITestResult)[pri:0, instance:tests.QCStore@5f9d02cb]" name="getResult" is-config="true" duration-ms="797" started-at="2020-09-14T04:41:14Z" finished-at="2020-09-14T04:41:15Z">
          <params>
            <param index="0">
              <value>
                <![CDATA[[TestResult name=QC_Full_Buyback_Txn status=SUCCESS method=QCStore.QC_Full_Buyback_Txn()[pri:1, instance:tests.QCStore@5f9d02cb] output={null}]]]>
              </value>
            </param>
          </params>
          <reporter-output>
          </reporter-output>
        </test-method> <!-- getResult -->
        <test-method status="PASS" signature="endReport()[pri:0, instance:tests.QCStore@5f9d02cb]" name="endReport" is-config="true" duration-ms="0" started-at="2020-09-14T04:41:14Z" finished-at="2020-09-14T04:41:14Z">
          <reporter-output>
          </reporter-output>
        </test-method> <!-- endReport -->
      </class> <!-- tests.QCStore -->
    </test> <!-- Test -->
  </suite> <!-- Suite -->
</testng-results>
