<?xml version="1.0" encoding="UTF-8"?>
<!-- Generated by org.testng.reporters.JUnitXMLReporter -->
<testsuite hostname="QTLSYS0-237" ignored="37" name="Test" tests="20" failures="0" timestamp="09 Mar 2020 14:02:54 GMT" time="13705.376" errors="0">
  <testcase name="JQC_AgeStore_Deposit_ClearMenu_Txn" time="746.924" classname="tests.QCStore"/>
  <testcase name="JQC_AgeStore_Deposit_AutoClear_Txn" time="634.408" classname="tests.QCStore"/>
  <testcase name="JQC_AgeStore_PrePayment_Return_Txn" time="755.452" classname="tests.QCStore"/>
  <testcase name="JQC_AgeStore_PrePayment_Clear_Txn" time="777.575" classname="tests.QCStore"/>
  <testcase name="JQC_AgeStore_NSFPosting_Refinance_Rescind_Txn" time="582.62" classname="tests.QCStore"/>
  <testcase name="JQC_AgeStore_ACHReturn_Refinance_Rescind_Txn" time="674.799" classname="tests.QCStore"/>
  <testcase name="JQC_AgeStore_Deposit_Return_Refinance_Txn" time="541.845" classname="tests.QCStore"/>
  <testcase name="JQC_AgeStore_Deposit_Return_Refinance_Void_Txn" time="993.505" classname="tests.QCStore"/>
  <testcase name="JQC_AgeStore_Refinance_Rescind_Txn" time="498.966" classname="tests.QCStore"/>
  <testcase name="JQC_AgeStore_Redeposit_Prepayment_Void_Prepayment_Return_Txn" time="711.657" classname="tests.QCStore"/>
  <testcase name="JQC_Return_ReDeposit_Clear_Txn" time="1213.269" classname="tests.QCStore"/>
  <testcase name="JQC_BuyBack_Txn_Testdata" time="485.914" classname="tests.QCStore"/>
  <testcase name="JQC_BuyBack_Void_Txn_Testdata" time="470.404" classname="tests.QCStore"/>
  <testcase name="JQC_BuyBack_Rebate_Txn_Testdata" time="490.607" classname="tests.QCStore"/>
  <testcase name="JQC_BuyBack_Rebate_Void_Txn_Testdata" time="537.486" classname="tests.QCStore"/>
  <testcase name="JQC_ChkDeposit_RtnChk_ReDeposit_Payment_Void_Clear_Txn_Testdata" time="786.422" classname="tests.QCStore"/>
  <testcase name="JQC_Deposit_Return_EPP_Txn_Testdata" time="687.87" classname="tests.QCStore"/>
  <testcase name="JQC_EPP_AgestoreInstallmentwise_EPPPayment_Txn_Testdata" time="954.607" classname="tests.QCStore"/>
  <testcase name="JQC_PartialWORecovery_FullWORecovery_Void_Txn_Testdata" time="665.426" classname="tests.QCStore"/>
  <testcase name="JQC_EPP_Txn_Testdata" time="394.333" classname="tests.QCStore"/>
  <testcase name="QC_Epp_Check_Deposit_Clear_Txn" time="0.0" classname="tests.QCStore">
    <ignored/>
  </testcase> <!-- QC_Epp_Check_Deposit_Clear_Txn -->
  <testcase name="QC_AgeStore_Void_Txn" time="0.0" classname="tests.QCStore">
    <ignored/>
  </testcase> <!-- QC_AgeStore_Void_Txn -->
  <testcase name="QC_Refinance_StepDownURP_Txn" time="0.0" classname="tests.QCStore">
    <ignored/>
  </testcase> <!-- QC_Refinance_StepDownURP_Txn -->
  <testcase name="JQC_NewLoan_Veritec_Txn" time="0.0" classname="tests.QCStore">
    <ignored/>
  </testcase> <!-- JQC_NewLoan_Veritec_Txn -->
  <testcase name="QC_Deposit_Menu_Txn" time="0.0" classname="tests.QCStore">
    <ignored/>
  </testcase> <!-- QC_Deposit_Menu_Txn -->
  <testcase name="JQC_AgeStore_DCDeposit_Menu_Txn" time="0.0" classname="tests.QCStore">
    <ignored/>
  </testcase> <!-- JQC_AgeStore_DCDeposit_Menu_Txn -->
  <testcase name="QC_RefinanceStepDown_Txn" time="0.0" classname="tests.QCStore">
    <ignored/>
  </testcase> <!-- QC_RefinanceStepDown_Txn -->
  <testcase name="QC_NewLoan_Void_Txn" time="0.0" classname="tests.QCStore">
    <ignored/>
  </testcase> <!-- QC_NewLoan_Void_Txn -->
  <testcase name="JQC_ACH_PartialWORecovery_FullWORecovery_Void_Txn_Testdata" time="0.0" classname="tests.QCStore">
    <ignored/>
  </testcase> <!-- JQC_ACH_PartialWORecovery_FullWORecovery_Void_Txn_Testdata -->
  <testcase name="QC_EppDepositClear_Refund_Txn" time="0.0" classname="tests.QCStore">
    <ignored/>
  </testcase> <!-- QC_EppDepositClear_Refund_Txn -->
  <testcase name="QC_PartialPayment_RefundVoid_Txn" time="0.0" classname="tests.QCStore">
    <ignored/>
  </testcase> <!-- QC_PartialPayment_RefundVoid_Txn -->
  <testcase name="QC_Epp_PrePayment_Return_Txn" time="0.0" classname="tests.QCStore">
    <ignored/>
  </testcase> <!-- QC_Epp_PrePayment_Return_Txn -->
  <testcase name="JQC_AgeStore_GraceDays_DCDeposit_Dropdown_Txn" time="0.0" classname="tests.QCStore">
    <ignored/>
  </testcase> <!-- JQC_AgeStore_GraceDays_DCDeposit_Dropdown_Txn -->
  <testcase name="RefinanceStepup" time="0.0" classname="tests.QCStore">
    <ignored/>
  </testcase> <!-- RefinanceStepup -->
  <testcase name="QC_FutureDeposit_DropDown" time="0.0" classname="tests.QCStore">
    <ignored/>
  </testcase> <!-- QC_FutureDeposit_DropDown -->
  <testcase name="rebateStepup" time="0.0" classname="tests.QCStore">
    <ignored/>
  </testcase> <!-- rebateStepup -->
  <testcase name="QC_Epp_Deposit_Void_Txn" time="0.0" classname="tests.QCStore">
    <ignored/>
  </testcase> <!-- QC_Epp_Deposit_Void_Txn -->
  <testcase name="QC_Refinance_StepSameVoidURP_Txn" time="0.0" classname="tests.QCStore">
    <ignored/>
  </testcase> <!-- QC_Refinance_StepSameVoidURP_Txn -->
  <testcase name="QC_Refinance_StepSameURP_Txn" time="0.0" classname="tests.QCStore">
    <ignored/>
  </testcase> <!-- QC_Refinance_StepSameURP_Txn -->
  <testcase name="QC_Epp_Return_ReDeposit_Txn" time="0.0" classname="tests.QCStore">
    <ignored/>
  </testcase> <!-- QC_Epp_Return_ReDeposit_Txn -->
  <testcase name="JQC_AgeStore_GraceDays_DCDeposit_Menu_Txn" time="0.0" classname="tests.QCStore">
    <ignored/>
  </testcase> <!-- JQC_AgeStore_GraceDays_DCDeposit_Menu_Txn -->
  <testcase name="QC_NewLoan_Promotion_Txn" time="0.0" classname="tests.QCStore">
    <ignored/>
  </testcase> <!-- QC_NewLoan_Promotion_Txn -->
  <testcase name="JQC_AgeStore_DCDeposit_Txn" time="0.0" classname="tests.QCStore">
    <ignored/>
  </testcase> <!-- JQC_AgeStore_DCDeposit_Txn -->
  <testcase name="QC_Epp_Return_NSFPayment_Txn" time="0.0" classname="tests.QCStore">
    <ignored/>
  </testcase> <!-- QC_Epp_Return_NSFPayment_Txn -->
  <testcase name="RefinanceStepupVoid" time="0.0" classname="tests.QCStore">
    <ignored/>
  </testcase> <!-- RefinanceStepupVoid -->
  <testcase name="QC_GraceDays_EODDeposit_Txn" time="0.0" classname="tests.QCStore">
    <ignored/>
  </testcase> <!-- QC_GraceDays_EODDeposit_Txn -->
  <testcase name="QC_Deposit_GraceDays_Txn" time="0.0" classname="tests.QCStore">
    <ignored/>
  </testcase> <!-- QC_Deposit_GraceDays_Txn -->
  <testcase name="QC_Epp_PrePayment_Txn" time="0.0" classname="tests.QCStore">
    <ignored/>
  </testcase> <!-- QC_Epp_PrePayment_Txn -->
  <testcase name="QC_OpenLoan_NewLoan_Txn" time="0.0" classname="tests.QCStore">
    <ignored/>
  </testcase> <!-- QC_OpenLoan_NewLoan_Txn -->
  <testcase name="QC_EOD_Deposit_Txn" time="0.0" classname="tests.QCStore">
    <ignored/>
  </testcase> <!-- QC_EOD_Deposit_Txn -->
  <testcase name="rebateStepupVoid" time="0.0" classname="tests.QCStore">
    <ignored/>
  </testcase> <!-- rebateStepupVoid -->
  <testcase name="QC_FutureDeposit_EOD_Txn" time="0.0" classname="tests.QCStore">
    <ignored/>
  </testcase> <!-- QC_FutureDeposit_EOD_Txn -->
  <testcase name="QC_Refinance_StepDownVoidURP_Txn" time="0.0" classname="tests.QCStore">
    <ignored/>
  </testcase> <!-- QC_Refinance_StepDownVoidURP_Txn -->
  <testcase name="RefinanceStepSameVoid" time="0.0" classname="tests.QCStore">
    <ignored/>
  </testcase> <!-- RefinanceStepSameVoid -->
  <testcase name="QC_Void_FullReturnPayment_Txn" time="0.0" classname="tests.QCStore">
    <ignored/>
  </testcase> <!-- QC_Void_FullReturnPayment_Txn -->
  <testcase name="RefinanceStepSame" time="0.0" classname="tests.QCStore">
    <ignored/>
  </testcase> <!-- RefinanceStepSame -->
  <testcase name="QC_RefinanceStepDown_Void_Txn" time="0.0" classname="tests.QCStore">
    <ignored/>
  </testcase> <!-- QC_RefinanceStepDown_Void_Txn -->
</testsuite> <!-- Test -->
