<?xml version="1.0" encoding="UTF-8"?>
<!-- Generated by org.testng.reporters.JUnitXMLReporter -->
<testsuite hostname="QTLSYS0-237" ignored="77" name="Test" tests="12" failures="1" timestamp="31 Mar 2020 13:52:55 GMT" time="2213.929" errors="0">
  <testcase name="QC_NE_PDL_Txn" time="199.89" classname="QCHome.CSR"/>
  <testcase name="QC_LA_PDL_Txn" time="186.628" classname="QCHome.CSR"/>
  <testcase name="QC_NV_PDL_Txn" time="322.867" classname="QCHome.CSR"/>
  <testcase name="QC_MO_PDL_Txn" time="204.647" classname="QCHome.CSR"/>
  <testcase name="QC_WI_ILP_Txn" time="231.394" classname="QCHome.CSR"/>
  <testcase name="QC_NM_ILP_Txn" time="106.785" classname="QCHome.CSR"/>
  <testcase name="QC_MO_ILP_Txn" time="105.285" classname="QCHome.CSR"/>
  <testcase name="QC_MO_TLP_Txn" time="138.663" classname="QCHome.CSR"/>
  <testcase name="QC_NM_TLP_Txn" time="130.127" classname="QCHome.CSR"/>
  <testcase name="QC_NV_TLP_Txn" time="137.51" classname="QCHome.CSR"/>
  <testcase name="QC_KS_LOC_Txn" time="111.668" classname="QCHome.CSR"/>
  <testcase name="NewLoanVeritec" time="336.091" classname="QCHome.CSR">
    <failure type="org.openqa.selenium.InvalidElementStateException" message="Element is not enabled (WARNING: The server did not provide any stacktrace information)
Command duration or timeout: 0 milliseconds
Build info: version: &amp;apos;3.14.0&amp;apos;, revision: &amp;apos;aacccce0&amp;apos;, time: &amp;apos;2018-08-02T20:19:58.91Z&amp;apos;
System info: host: &amp;apos;QTLSYS0-237&amp;apos;, ip: &amp;apos;192.168.0.237&amp;apos;, os.name: &amp;apos;Windows 10&amp;apos;, os.arch: &amp;apos;amd64&amp;apos;, os.version: &amp;apos;10.0&amp;apos;, java.version: &amp;apos;1.8.0_181&amp;apos;
Driver info: org.openqa.selenium.ie.InternetExplorerDriver
Capabilities {browserAttachTimeout: 0, browserName: internet explorer, cssSelectorsEnabled: true, elementScrollBehavior: 0, enableElementCacheCleanup: true, enablePersistentHover: true, handlesAlerts: true, ie.browserCommandLineSwitches: , ie.ensureCleanSession: false, ie.forceCreateProcessApi: false, ie.usePerProcessProxy: false, ignoreProtectedModeSettings: false, ignoreZoomSetting: false, initialBrowserUrl: http://localhost:41031/, javascriptEnabled: true, nativeEvents: true, platform: WINDOWS, platformName: WINDOWS, requireWindowFocus: false, takesScreenshot: true, unexpectedAlertBehaviour: dismiss, unhandledPromptBehavior: dismiss, version: 11}
Session ID: a3d8d4a2-9d85-4b14-8bb7-e1ade2c1ccb5">
      <![CDATA[org.openqa.selenium.InvalidElementStateException: Element is not enabled (WARNING: The server did not provide any stacktrace information)
Command duration or timeout: 0 milliseconds
Build info: version: '3.14.0', revision: 'aacccce0', time: '2018-08-02T20:19:58.91Z'
System info: host: 'QTLSYS0-237', ip: '192.168.0.237', os.name: 'Windows 10', os.arch: 'amd64', os.version: '10.0', java.version: '1.8.0_181'
Driver info: org.openqa.selenium.ie.InternetExplorerDriver
Capabilities {browserAttachTimeout: 0, browserName: internet explorer, cssSelectorsEnabled: true, elementScrollBehavior: 0, enableElementCacheCleanup: true, enablePersistentHover: true, handlesAlerts: true, ie.browserCommandLineSwitches: , ie.ensureCleanSession: false, ie.forceCreateProcessApi: false, ie.usePerProcessProxy: false, ignoreProtectedModeSettings: false, ignoreZoomSetting: false, initialBrowserUrl: http://localhost:41031/, javascriptEnabled: true, nativeEvents: true, platform: WINDOWS, platformName: WINDOWS, requireWindowFocus: false, takesScreenshot: true, unexpectedAlertBehaviour: dismiss, unhandledPromptBehavior: dismiss, version: 11}
Session ID: a3d8d4a2-9d85-4b14-8bb7-e1ade2c1ccb5
at org.openqa.selenium.remote.ErrorHandler.createThrowable(ErrorHandler.java:214)
at org.openqa.selenium.remote.ErrorHandler.throwIfResponseFailed(ErrorHandler.java:166)
at org.openqa.selenium.remote.http.JsonHttpResponseCodec.reconstructValue(JsonHttpResponseCodec.java:40)
at org.openqa.selenium.remote.http.AbstractHttpResponseCodec.decode(AbstractHttpResponseCodec.java:80)
at org.openqa.selenium.remote.http.AbstractHttpResponseCodec.decode(AbstractHttpResponseCodec.java:44)
at org.openqa.selenium.remote.HttpCommandExecutor.execute(HttpCommandExecutor.java:158)
at org.openqa.selenium.remote.service.DriverCommandExecutor.execute(DriverCommandExecutor.java:83)
at org.openqa.selenium.remote.RemoteWebDriver.execute(RemoteWebDriver.java:548)
at org.openqa.selenium.remote.RemoteWebElement.execute(RemoteWebElement.java:276)
at org.openqa.selenium.remote.RemoteWebElement.sendKeys(RemoteWebElement.java:100)
at QCHome.QC_PDL_NewLoanPage.PDL(QC_PDL_NewLoanPage.java:229)
at QCHome.QC_PDL_NewLoanPage.newLoan(QC_PDL_NewLoanPage.java:163)
at QCHome.CSR.NewLoanVeritec(CSR.java:1745)
... Removed 29 stack frames]]>
    </failure>
  </testcase> <!-- NewLoanVeritec -->
  <testcase name="pdlborrowregsaveexiteditssn" time="0.0" classname="QCHome.CSR">
    <ignored/>
  </testcase> <!-- pdlborrowregsaveexiteditssn -->
  <testcase name="refinance" time="0.0" classname="QCHome.CSR">
    <ignored/>
  </testcase> <!-- refinance -->
  <testcase name="LoanTransactionsSbulinks" time="0.0" classname="QCHome.CSR">
    <ignored/>
  </testcase> <!-- LoanTransactionsSbulinks -->
  <testcase name="locborrowregsavenext" time="0.0" classname="QCHome.CSR">
    <ignored/>
  </testcase> <!-- locborrowregsavenext -->
  <testcase name="LOC_Payoff" time="0.0" classname="QCHome.CSR">
    <ignored/>
  </testcase> <!-- LOC_Payoff -->
  <testcase name="ilpborrowregsaveexiteditssn" time="0.0" classname="QCHome.CSR">
    <ignored/>
  </testcase> <!-- ilpborrowregsaveexiteditssn -->
  <testcase name="editborrowregsaveloan" time="0.0" classname="QCHome.CSR">
    <ignored/>
  </testcase> <!-- editborrowregsaveloan -->
  <testcase name="CSRCoBorrowerRegistrationsaveexit" time="0.0" classname="QCHome.CSR">
    <ignored/>
  </testcase> <!-- CSRCoBorrowerRegistrationsaveexit -->
  <testcase name="ILPborrowreg" time="0.0" classname="QCHome.CSR">
    <ignored/>
  </testcase> <!-- ILPborrowreg -->
  <testcase name="ILPRefinance" time="0.0" classname="QCHome.CSR">
    <ignored/>
  </testcase> <!-- ILPRefinance -->
  <testcase name="HistoryILp" time="0.0" classname="QCHome.CSR">
    <ignored/>
  </testcase> <!-- HistoryILp -->
  <testcase name="locborrowregsaveloan" time="0.0" classname="QCHome.CSR">
    <ignored/>
  </testcase> <!-- locborrowregsaveloan -->
  <testcase name="Adminlogin" time="0.0" classname="QCHome.CSR">
    <ignored/>
  </testcase> <!-- Adminlogin -->
  <testcase name="editborrowregsavenext" time="0.0" classname="QCHome.CSR">
    <ignored/>
  </testcase> <!-- editborrowregsavenext -->
  <testcase name="history" time="0.0" classname="QCHome.CSR">
    <ignored/>
  </testcase> <!-- history -->
  <testcase name="TLPBorrowerRegistrationsaveexit" time="0.0" classname="QCHome.CSR">
    <ignored/>
  </testcase> <!-- TLPBorrowerRegistrationsaveexit -->
  <testcase name="TLPPayment" time="0.0" classname="QCHome.CSR">
    <ignored/>
  </testcase> <!-- TLPPayment -->
  <testcase name="LOC_BorrowerReg" time="0.0" classname="QCHome.CSR">
    <ignored/>
  </testcase> <!-- LOC_BorrowerReg -->
  <testcase name="borrowregsavenext" time="0.0" classname="QCHome.CSR">
    <ignored/>
  </testcase> <!-- borrowregsavenext -->
  <testcase name="borrowregsaveloan" time="0.0" classname="QCHome.CSR">
    <ignored/>
  </testcase> <!-- borrowregsaveloan -->
  <testcase name="buyBack" time="0.0" classname="QCHome.CSR">
    <ignored/>
  </testcase> <!-- buyBack -->
  <testcase name="CSRCoBorrowerRegistrationsavedeny" time="0.0" classname="QCHome.CSR">
    <ignored/>
  </testcase> <!-- CSRCoBorrowerRegistrationsavedeny -->
  <testcase name="ilpborrowregsaveexit" time="0.0" classname="QCHome.CSR">
    <ignored/>
  </testcase> <!-- ilpborrowregsaveexit -->
  <testcase name="Collections" time="0.0" classname="QCHome.CSR">
    <ignored/>
  </testcase> <!-- Collections -->
  <testcase name="LOC_Payment" time="0.0" classname="QCHome.CSR">
    <ignored/>
  </testcase> <!-- LOC_Payment -->
  <testcase name="ILPnewLoan" time="0.0" classname="QCHome.CSR">
    <ignored/>
  </testcase> <!-- ILPnewLoan -->
  <testcase name="tlpeditborrowregsaveloan" time="0.0" classname="QCHome.CSR">
    <ignored/>
  </testcase> <!-- tlpeditborrowregsaveloan -->
  <testcase name="HistoryTLp" time="0.0" classname="QCHome.CSR">
    <ignored/>
  </testcase> <!-- HistoryTLp -->
  <testcase name="TLPnewLoan" time="0.0" classname="QCHome.CSR">
    <ignored/>
  </testcase> <!-- TLPnewLoan -->
  <testcase name="ilpeditborrowregsavenext" time="0.0" classname="QCHome.CSR">
    <ignored/>
  </testcase> <!-- ilpeditborrowregsavenext -->
  <testcase name="borrowerSublinks" time="0.0" classname="QCHome.CSR">
    <ignored/>
  </testcase> <!-- borrowerSublinks -->
  <testcase name="tlpeditborrowregsavenext" time="0.0" classname="QCHome.CSR">
    <ignored/>
  </testcase> <!-- tlpeditborrowregsavenext -->
  <testcase name="reports" time="0.0" classname="QCHome.CSR">
    <ignored/>
  </testcase> <!-- reports -->
  <testcase name="cashManagemerntSublinks" time="0.0" classname="QCHome.CSR">
    <ignored/>
  </testcase> <!-- cashManagemerntSublinks -->
  <testcase name="loceditborrowregsaveloan" time="0.0" classname="QCHome.CSR">
    <ignored/>
  </testcase> <!-- loceditborrowregsaveloan -->
  <testcase name="LoanTransactions" time="0.0" classname="QCHome.CSR">
    <ignored/>
  </testcase> <!-- LoanTransactions -->
  <testcase name="locborrowregsaveexiteditssn" time="0.0" classname="QCHome.CSR">
    <ignored/>
  </testcase> <!-- locborrowregsaveexiteditssn -->
  <testcase name="loceditborrowregsavenext" time="0.0" classname="QCHome.CSR">
    <ignored/>
  </testcase> <!-- loceditborrowregsavenext -->
  <testcase name="ilpeditborrowregsaveloan" time="0.0" classname="QCHome.CSR">
    <ignored/>
  </testcase> <!-- ilpeditborrowregsaveloan -->
  <testcase name="partialpayment" time="0.0" classname="QCHome.CSR">
    <ignored/>
  </testcase> <!-- partialpayment -->
  <testcase name="MiscLoanTransactionsSublinks" time="0.0" classname="QCHome.CSR">
    <ignored/>
  </testcase> <!-- MiscLoanTransactionsSublinks -->
  <testcase name="CSRCoBorrowerRegistrationsaveloan" time="0.0" classname="QCHome.CSR">
    <ignored/>
  </testcase> <!-- CSRCoBorrowerRegistrationsaveloan -->
  <testcase name="ilpborrowregsavedeny" time="0.0" classname="QCHome.CSR">
    <ignored/>
  </testcase> <!-- ilpborrowregsavedeny -->
  <testcase name="tlpeditborrowregsaveexit" time="0.0" classname="QCHome.CSR">
    <ignored/>
  </testcase> <!-- tlpeditborrowregsaveexit -->
  <testcase name="borrowregsavedeny" time="0.0" classname="QCHome.CSR">
    <ignored/>
  </testcase> <!-- borrowregsavedeny -->
  <testcase name="CSRCoBorrowerRegistrationsavenext" time="0.0" classname="QCHome.CSR">
    <ignored/>
  </testcase> <!-- CSRCoBorrowerRegistrationsavenext -->
  <testcase name="TLPborrowreg" time="0.0" classname="QCHome.CSR">
    <ignored/>
  </testcase> <!-- TLPborrowreg -->
  <testcase name="loceditborrowregsaveexit" time="0.0" classname="QCHome.CSR">
    <ignored/>
  </testcase> <!-- loceditborrowregsaveexit -->
  <testcase name="DailyProcessing" time="0.0" classname="QCHome.CSR">
    <ignored/>
  </testcase> <!-- DailyProcessing -->
  <testcase name="ilpborrowregsavenext" time="0.0" classname="QCHome.CSR">
    <ignored/>
  </testcase> <!-- ilpborrowregsavenext -->
  <testcase name="cashManagement" time="0.0" classname="QCHome.CSR">
    <ignored/>
  </testcase> <!-- cashManagement -->
  <testcase name="borrower" time="0.0" classname="QCHome.CSR">
    <ignored/>
  </testcase> <!-- borrower -->
  <testcase name="ILPpayment" time="0.0" classname="QCHome.CSR">
    <ignored/>
  </testcase> <!-- ILPpayment -->
  <testcase name="DailyTransactionJournal" time="0.0" classname="QCHome.CSR">
    <ignored/>
  </testcase> <!-- DailyTransactionJournal -->
  <testcase name="TLPBorrowerRegistrationsavedeny" time="0.0" classname="QCHome.CSR">
    <ignored/>
  </testcase> <!-- TLPBorrowerRegistrationsavedeny -->
  <testcase name="ILPpayoff" time="0.0" classname="QCHome.CSR">
    <ignored/>
  </testcase> <!-- ILPpayoff -->
  <testcase name="locborrowregsaveexit" time="0.0" classname="QCHome.CSR">
    <ignored/>
  </testcase> <!-- locborrowregsaveexit -->
  <testcase name="LOC_History" time="0.0" classname="QCHome.CSR">
    <ignored/>
  </testcase> <!-- LOC_History -->
  <testcase name="TLPBuyback" time="0.0" classname="QCHome.CSR">
    <ignored/>
  </testcase> <!-- TLPBuyback -->
  <testcase name="search" time="0.0" classname="QCHome.CSR">
    <ignored/>
  </testcase> <!-- search -->
  <testcase name="reportsSublinks" time="0.0" classname="QCHome.CSR">
    <ignored/>
  </testcase> <!-- reportsSublinks -->
  <testcase name="borrowregsaveexit" time="0.0" classname="QCHome.CSR">
    <ignored/>
  </testcase> <!-- borrowregsaveexit -->
  <testcase name="CourtesyCalls" time="0.0" classname="QCHome.CSR">
    <ignored/>
  </testcase> <!-- CourtesyCalls -->
  <testcase name="editborrowregsaveexit" time="0.0" classname="QCHome.CSR">
    <ignored/>
  </testcase> <!-- editborrowregsaveexit -->
  <testcase name="ilpeditborrowregsaveexit" time="0.0" classname="QCHome.CSR">
    <ignored/>
  </testcase> <!-- ilpeditborrowregsaveexit -->
  <testcase name="TLPRefinance" time="0.0" classname="QCHome.CSR">
    <ignored/>
  </testcase> <!-- TLPRefinance -->
  <testcase name="tlpborrowregsaveexiteditssn" time="0.0" classname="QCHome.CSR">
    <ignored/>
  </testcase> <!-- tlpborrowregsaveexiteditssn -->
  <testcase name="MiscLoanTransactions" time="0.0" classname="QCHome.CSR">
    <ignored/>
  </testcase> <!-- MiscLoanTransactions -->
  <testcase name="TLPBorrowerRegistrationsaveloan" time="0.0" classname="QCHome.CSR">
    <ignored/>
  </testcase> <!-- TLPBorrowerRegistrationsaveloan -->
  <testcase name="TLPBorrowerRegistrationsavenext" time="0.0" classname="QCHome.CSR">
    <ignored/>
  </testcase> <!-- TLPBorrowerRegistrationsavenext -->
  <testcase name="locborrowregsavedeny" time="0.0" classname="QCHome.CSR">
    <ignored/>
  </testcase> <!-- locborrowregsavedeny -->
  <testcase name="CSRBorrowerRegistration" time="0.0" classname="QCHome.CSR">
    <ignored/>
  </testcase> <!-- CSRBorrowerRegistration -->
  <testcase name="ilpborrowregsaveloan" time="0.0" classname="QCHome.CSR">
    <ignored/>
  </testcase> <!-- ilpborrowregsaveloan -->
  <testcase name="login" time="0.0" classname="QCHome.CSR">
    <ignored/>
  </testcase> <!-- login -->
  <testcase name="newLoan" time="0.0" classname="QCHome.CSR">
    <ignored/>
  </testcase> <!-- newLoan -->
  <testcase name="LOC_NewLoan" time="0.0" classname="QCHome.CSR">
    <ignored/>
  </testcase> <!-- LOC_NewLoan -->
  <testcase name="borrowreg" time="0.0" classname="QCHome.CSR">
    <ignored/>
  </testcase> <!-- borrowreg -->
</testsuite> <!-- Test -->
