<?xml version="1.0" encoding="UTF-8"?>
<!-- Generated by org.testng.reporters.JUnitXMLReporter -->
<testsuite hostname="QTLSYS0-237" ignored="3" name="Test" tests="1" failures="1" timestamp="05 Feb 2020 13:30:46 GMT" time="5.162" errors="0">
  <testcase name="@AfterMethod getResult" time="0.004" classname="tests.QCStore">
    <failure type="java.lang.NullPointerException">
      <![CDATA[java.lang.NullPointerException
at tests.QCStore.getScreenhot(QCStore.java:529)
at tests.QCStore.getResult(QCStore.java:545)
... Removed 28 stack frames]]>
    </failure>
  </testcase> <!-- @AfterMethod getResult -->
  <testcase name="Payfrequency_Weekly" time="0.01" classname="tests.QCStore">
    <failure type="java.io.FileNotFoundException" message="C:\QC_Batch11\QC_NextPayDate\BTestData\QCStore\ILP_Monthly\null.xls (The system cannot find the file specified)">
      <![CDATA[java.io.FileNotFoundException: C:\QC_Batch11\QC_NextPayDate\BTestData\QCStore\ILP_Monthly\null.xls (The system cannot find the file specified)
at java.io.FileInputStream.open0(Native Method)
at java.io.FileInputStream.open(Unknown Source)
at java.io.FileInputStream.<init>(Unknown Source)
at java.io.FileInputStream.<init>(Unknown Source)
at tests.ExcelNew.<init>(ExcelNew.java:35)
at tests.QCStore.Payfrequency_Weekly(QCStore.java:250)
... Removed 25 stack frames]]>
    </failure>
  </testcase> <!-- Payfrequency_Weekly -->
  <testcase name="Payfrequency_Semi_monthly" time="0.0" classname="tests.QCStore">
    <ignored/>
  </testcase> <!-- Payfrequency_Semi_monthly -->
  <testcase name="Payfrequency_Monthly" time="0.0" classname="tests.QCStore">
    <ignored/>
  </testcase> <!-- Payfrequency_Monthly -->
  <testcase name="Payfrequency_Biweekly" time="0.0" classname="tests.QCStore">
    <ignored/>
  </testcase> <!-- Payfrequency_Biweekly -->
</testsuite> <!-- Test -->
