<?xml version="1.0" encoding="UTF-8"?>
<!-- Generated by org.testng.reporters.JUnitXMLReporter -->
<testsuite hostname="QTLSYS0-229" ignored="0" name="Default test(failed)" tests="1" failures="0" timestamp="19 Aug 2019 07:37:17 GMT" time="81.155" errors="0">
  <testcase name="@AfterMethod getResult" time="0.159" classname="tests.QCStore">
    <failure type="java.lang.NullPointerException">
      <![CDATA[java.lang.NullPointerException
at tests.QCStore.getResult(QCStore.java:791)
... Removed 28 stack frames]]>
    </failure>
  </testcase> <!-- @AfterMethod getResult -->
  <testcase name="JQC_TLP_DCDeposit_Decline_2ndDeposit_Decline_Default_Repo_Redepositt_Decline_Txn" time="75.873" classname="tests.QCStore"/>
</testsuite> <!-- Default test(failed) -->
