<?xml version="1.0" encoding="UTF-8"?>
<!-- Generated by org.testng.reporters.JUnitXMLReporter -->
<testsuite hostname="QTLSYS0-237" ignored="31" name="Test" tests="1" failures="0" timestamp="14 Sep 2020 04:41:15 GMT" time="90.344" errors="0">
  <testcase name="QC_Full_Buyback_Txn" time="89.469" classname="tests.QCStore"/>
  <testcase name="QC_TwoPDL_Con_multidisbDCVoid_DC" time="0.0" classname="tests.QCStore">
    <ignored/>
  </testcase> <!-- QC_TwoPDL_Con_multidisbDCVoid_DC -->
  <testcase name="QC_Deposit_Return_RefinanceTxn" time="0.0" classname="tests.QCStore">
    <ignored/>
  </testcase> <!-- QC_Deposit_Return_RefinanceTxn -->
  <testcase name="QC_Deposit_Return_RefinanceVoidTxn" time="0.0" classname="tests.QCStore">
    <ignored/>
  </testcase> <!-- QC_Deposit_Return_RefinanceVoidTxn -->
  <testcase name="QC_PDL_Conversion_CKOT" time="0.0" classname="tests.QCStore">
    <ignored/>
  </testcase> <!-- QC_PDL_Conversion_CKOT -->
  <testcase name="QC_Partial_Refinance_Txn" time="0.0" classname="tests.QCStore">
    <ignored/>
  </testcase> <!-- QC_Partial_Refinance_Txn -->
  <testcase name="QC_TwoPDL_Conversion_ChangeAmtdisbCK" time="0.0" classname="tests.QCStore">
    <ignored/>
  </testcase> <!-- QC_TwoPDL_Conversion_ChangeAmtdisbCK -->
  <testcase name="QC_Full_BuybackVoid_Txn" time="0.0" classname="tests.QCStore">
    <ignored/>
  </testcase> <!-- QC_Full_BuybackVoid_Txn -->
  <testcase name="QC_TwoPDL_Conversion_disbCashDCVoid" time="0.0" classname="tests.QCStore">
    <ignored/>
  </testcase> <!-- QC_TwoPDL_Conversion_disbCashDCVoid -->
  <testcase name="QC_ILP_DCPayment_Bankruptcy" time="0.0" classname="tests.QCStore">
    <ignored/>
  </testcase> <!-- QC_ILP_DCPayment_Bankruptcy -->
  <testcase name="QC_PDL_Conversion_CK" time="0.0" classname="tests.QCStore">
    <ignored/>
  </testcase> <!-- QC_PDL_Conversion_CK -->
  <testcase name="QC_PDL_DCPayment_Rescind" time="0.0" classname="tests.QCStore">
    <ignored/>
  </testcase> <!-- QC_PDL_DCPayment_Rescind -->
  <testcase name="QC_Full_BuybackReturn_NSF_PaymentVoidTxn" time="0.0" classname="tests.QCStore">
    <ignored/>
  </testcase> <!-- QC_Full_BuybackReturn_NSF_PaymentVoidTxn -->
  <testcase name="QC_PDL_DCPayment_RescindEK" time="0.0" classname="tests.QCStore">
    <ignored/>
  </testcase> <!-- QC_PDL_DCPayment_RescindEK -->
  <testcase name="QC_ILP_DCPayment_ChargeBack" time="0.0" classname="tests.QCStore">
    <ignored/>
  </testcase> <!-- QC_ILP_DCPayment_ChargeBack -->
  <testcase name="QC_Deposit_ReturnPaymentTxn" time="0.0" classname="tests.QCStore">
    <ignored/>
  </testcase> <!-- QC_Deposit_ReturnPaymentTxn -->
  <testcase name="QC_Partial_BuybackVoid_Txn" time="0.0" classname="tests.QCStore">
    <ignored/>
  </testcase> <!-- QC_Partial_BuybackVoid_Txn -->
  <testcase name="QC_Partial_Buyback_Txn" time="0.0" classname="tests.QCStore">
    <ignored/>
  </testcase> <!-- QC_Partial_Buyback_Txn -->
  <testcase name="QC_Full_Refinance_Txn" time="0.0" classname="tests.QCStore">
    <ignored/>
  </testcase> <!-- QC_Full_Refinance_Txn -->
  <testcase name="QC_PDL_Conversion" time="0.0" classname="tests.QCStore">
    <ignored/>
  </testcase> <!-- QC_PDL_Conversion -->
  <testcase name="QC_PDL_Conversion_Refinance" time="0.0" classname="tests.QCStore">
    <ignored/>
  </testcase> <!-- QC_PDL_Conversion_Refinance -->
  <testcase name="QC_Refinance_NSF_ReturnTxn" time="0.0" classname="tests.QCStore">
    <ignored/>
  </testcase> <!-- QC_Refinance_NSF_ReturnTxn -->
  <testcase name="QC_EPP_Return_NSFpaymentTxn" time="0.0" classname="tests.QCStore">
    <ignored/>
  </testcase> <!-- QC_EPP_Return_NSFpaymentTxn -->
  <testcase name="QC_Deposit_Returnposting_RedepositTxn" time="0.0" classname="tests.QCStore">
    <ignored/>
  </testcase> <!-- QC_Deposit_Returnposting_RedepositTxn -->
  <testcase name="QC_Full_RefinanceVoid_Txn" time="0.0" classname="tests.QCStore">
    <ignored/>
  </testcase> <!-- QC_Full_RefinanceVoid_Txn -->
  <testcase name="QC_RefinanceVoid_NSF_ReturnTxn" time="0.0" classname="tests.QCStore">
    <ignored/>
  </testcase> <!-- QC_RefinanceVoid_NSF_ReturnTxn -->
  <testcase name="QC_TwoPDL_Conversion_ChangeAmt" time="0.0" classname="tests.QCStore">
    <ignored/>
  </testcase> <!-- QC_TwoPDL_Conversion_ChangeAmt -->
  <testcase name="QC_TwoPDL_Con_multidisbDCVoid_cash" time="0.0" classname="tests.QCStore">
    <ignored/>
  </testcase> <!-- QC_TwoPDL_Con_multidisbDCVoid_cash -->
  <testcase name="QC_Full_BuybackReturn_NSF_PaymentTxn" time="0.0" classname="tests.QCStore">
    <ignored/>
  </testcase> <!-- QC_Full_BuybackReturn_NSF_PaymentTxn -->
  <testcase name="QC_TwoPDL_Conversion_disbCashDC" time="0.0" classname="tests.QCStore">
    <ignored/>
  </testcase> <!-- QC_TwoPDL_Conversion_disbCashDC -->
  <testcase name="QC_TwoPDL_Conversion_ChangeAmtdisbCash" time="0.0" classname="tests.QCStore">
    <ignored/>
  </testcase> <!-- QC_TwoPDL_Conversion_ChangeAmtdisbCash -->
  <testcase name="QC_Partial_RefinanceVoid_Txn" time="0.0" classname="tests.QCStore">
    <ignored/>
  </testcase> <!-- QC_Partial_RefinanceVoid_Txn -->
</testsuite> <!-- Test -->
