<?xml version="1.0" encoding="UTF-8"?>
<!-- Generated by org.testng.reporters.JUnitXMLReporter -->
<testsuite hostname="QTLSYS0-237" ignored="46" name="Test" tests="1" failures="0" timestamp="20 Mar 2020 04:41:02 GMT" time="459.806" errors="0">
  <testcase name="JQC_ILP_GraceDays_Deposit_dropdown_Txn" time="454.523" classname="tests.QCStore"/>
  <testcase name="QC_PayAnyotherAmount_Void_Txn" time="0.0" classname="tests.QCStore">
    <ignored/>
  </testcase> <!-- QC_PayAnyotherAmount_Void_Txn -->
  <testcase name="QC_AgeStore_Void_Txn" time="0.0" classname="tests.QCStore">
    <ignored/>
  </testcase> <!-- QC_AgeStore_Void_Txn -->
  <testcase name="ILP_RefinanceStepDown" time="0.0" classname="tests.QCStore">
    <ignored/>
  </testcase> <!-- ILP_RefinanceStepDown -->
  <testcase name="ILP_ProcessClear" time="0.0" classname="tests.QCStore">
    <ignored/>
  </testcase> <!-- ILP_ProcessClear -->
  <testcase name="QC_ILP_Deposit_Return_Txn" time="0.0" classname="tests.QCStore">
    <ignored/>
  </testcase> <!-- QC_ILP_Deposit_Return_Txn -->
  <testcase name="RQC_Bankruptcy_Dismiss_Txn_Testdata" time="0.0" classname="tests.QCStore">
    <ignored/>
  </testcase> <!-- RQC_Bankruptcy_Dismiss_Txn_Testdata -->
  <testcase name="ILP_voidRefinance" time="0.0" classname="tests.QCStore">
    <ignored/>
  </testcase> <!-- ILP_voidRefinance -->
  <testcase name="QC_PayAnyotherAmount_Txn" time="0.0" classname="tests.QCStore">
    <ignored/>
  </testcase> <!-- QC_PayAnyotherAmount_Txn -->
  <testcase name="QC_NewLoan_Void_Txn" time="0.0" classname="tests.QCStore">
    <ignored/>
  </testcase> <!-- QC_NewLoan_Void_Txn -->
  <testcase name="ILP_RefinanceStepSame" time="0.0" classname="tests.QCStore">
    <ignored/>
  </testcase> <!-- ILP_RefinanceStepSame -->
  <testcase name="RQC_WriteOffRecovery_Txn_Testdata" time="0.0" classname="tests.QCStore">
    <ignored/>
  </testcase> <!-- RQC_WriteOffRecovery_Txn_Testdata -->
  <testcase name="RQC_WriteOffRecovery_Void_Txn_Testdata" time="0.0" classname="tests.QCStore">
    <ignored/>
  </testcase> <!-- RQC_WriteOffRecovery_Void_Txn_Testdata -->
  <testcase name="ILP_borrowregNewloan" time="0.0" classname="tests.QCStore">
    <ignored/>
  </testcase> <!-- ILP_borrowregNewloan -->
  <testcase name="JQC_ILP_Payment_Refinance_StepUp_Txn" time="0.0" classname="tests.QCStore">
    <ignored/>
  </testcase> <!-- JQC_ILP_Payment_Refinance_StepUp_Txn -->
  <testcase name="ILP_RefinanceStepDown_void" time="0.0" classname="tests.QCStore">
    <ignored/>
  </testcase> <!-- ILP_RefinanceStepDown_void -->
  <testcase name="RQC_Bankruptcy_WORecovery_Txn_Testdata" time="0.0" classname="tests.QCStore">
    <ignored/>
  </testcase> <!-- RQC_Bankruptcy_WORecovery_Txn_Testdata -->
  <testcase name="JQC_ILP_SignaturLoan_Default_Txn" time="0.0" classname="tests.QCStore">
    <ignored/>
  </testcase> <!-- JQC_ILP_SignaturLoan_Default_Txn -->
  <testcase name="JQC_ILP_Deposit_MidDay_Txn" time="0.0" classname="tests.QCStore">
    <ignored/>
  </testcase> <!-- JQC_ILP_Deposit_MidDay_Txn -->
  <testcase name="QC_NewLoan_Promotion_Txn" time="0.0" classname="tests.QCStore">
    <ignored/>
  </testcase> <!-- QC_NewLoan_Promotion_Txn -->
  <testcase name="QC_Installmentpayment_Txn" time="0.0" classname="tests.QCStore">
    <ignored/>
  </testcase> <!-- QC_Installmentpayment_Txn -->
  <testcase name="QC_LessInterest_VoidFullPayment_Txn" time="0.0" classname="tests.QCStore">
    <ignored/>
  </testcase> <!-- QC_LessInterest_VoidFullPayment_Txn -->
  <testcase name="QC_ILP_Buyback_Void_Txn" time="0.0" classname="tests.QCStore">
    <ignored/>
  </testcase> <!-- QC_ILP_Buyback_Void_Txn -->
  <testcase name="QC_ILP_Buyback_Txn" time="0.0" classname="tests.QCStore">
    <ignored/>
  </testcase> <!-- QC_ILP_Buyback_Txn -->
  <testcase name="JQC_ILP_Deposit_test_Txn" time="0.0" classname="tests.QCStore">
    <ignored/>
  </testcase> <!-- JQC_ILP_Deposit_test_Txn -->
  <testcase name="JQC_ILP_GraceDays_Deposit_Menu_Txn" time="0.0" classname="tests.QCStore">
    <ignored/>
  </testcase> <!-- JQC_ILP_GraceDays_Deposit_Menu_Txn -->
  <testcase name="RQC_Default_TLPConversion_Txn_Testdata" time="0.0" classname="tests.QCStore">
    <ignored/>
  </testcase> <!-- RQC_Default_TLPConversion_Txn_Testdata -->
  <testcase name="RQC_Bankruptcy_Discharge_Txn_Testdata" time="0.0" classname="tests.QCStore">
    <ignored/>
  </testcase> <!-- RQC_Bankruptcy_Discharge_Txn_Testdata -->
  <testcase name="QC_ILP_clear_Menu_Txn" time="0.0" classname="tests.QCStore">
    <ignored/>
  </testcase> <!-- QC_ILP_clear_Menu_Txn -->
  <testcase name="RQC_DefaultPayment_Txn_Testdata" time="0.0" classname="tests.QCStore">
    <ignored/>
  </testcase> <!-- RQC_DefaultPayment_Txn_Testdata -->
  <testcase name="QC_ILP_NewLoanInstallmentDeposit_Txn" time="0.0" classname="tests.QCStore">
    <ignored/>
  </testcase> <!-- QC_ILP_NewLoanInstallmentDeposit_Txn -->
  <testcase name="QC_Installmentpayment_Void_Txn" time="0.0" classname="tests.QCStore">
    <ignored/>
  </testcase> <!-- QC_Installmentpayment_Void_Txn -->
  <testcase name="QC_ILP_Return_Menu_Txn" time="0.0" classname="tests.QCStore">
    <ignored/>
  </testcase> <!-- QC_ILP_Return_Menu_Txn -->
  <testcase name="RQC_DefaultPayment_Void_Txn_Testdata" time="0.0" classname="tests.QCStore">
    <ignored/>
  </testcase> <!-- RQC_DefaultPayment_Void_Txn_Testdata -->
  <testcase name="ILP_RefinanceStepUpVoid" time="0.0" classname="tests.QCStore">
    <ignored/>
  </testcase> <!-- ILP_RefinanceStepUpVoid -->
  <testcase name="JQC_ILP_Deposit_Menu_Txn" time="0.0" classname="tests.QCStore">
    <ignored/>
  </testcase> <!-- JQC_ILP_Deposit_Menu_Txn -->
  <testcase name="QC_InstallPayment_Ref_Rescind_Txn" time="0.0" classname="tests.QCStore">
    <ignored/>
  </testcase> <!-- QC_InstallPayment_Ref_Rescind_Txn -->
  <testcase name="JQC_ILP_Deposit_dropdown_Txn" time="0.0" classname="tests.QCStore">
    <ignored/>
  </testcase> <!-- JQC_ILP_Deposit_dropdown_Txn -->
  <testcase name="JQC_ILP_GraceDays_Deposit_EOD_Txn" time="0.0" classname="tests.QCStore">
    <ignored/>
  </testcase> <!-- JQC_ILP_GraceDays_Deposit_EOD_Txn -->
  <testcase name="JQC_ILP_GraceDays_Deposit_MidDay_Txn" time="0.0" classname="tests.QCStore">
    <ignored/>
  </testcase> <!-- JQC_ILP_GraceDays_Deposit_MidDay_Txn -->
  <testcase name="QC_NewLoan_TLPConversion_Txn" time="0.0" classname="tests.QCStore">
    <ignored/>
  </testcase> <!-- QC_NewLoan_TLPConversion_Txn -->
  <testcase name="ILP_ACHAutoClear" time="0.0" classname="tests.QCStore">
    <ignored/>
  </testcase> <!-- ILP_ACHAutoClear -->
  <testcase name="ILP_CheckAutoClear" time="0.0" classname="tests.QCStore">
    <ignored/>
  </testcase> <!-- ILP_CheckAutoClear -->
  <testcase name="JQC_ILP_Deceased_Txn" time="0.0" classname="tests.QCStore">
    <ignored/>
  </testcase> <!-- JQC_ILP_Deceased_Txn -->
  <testcase name="JQC_ILP_Deposit_EOD_Txn" time="0.0" classname="tests.QCStore">
    <ignored/>
  </testcase> <!-- JQC_ILP_Deposit_EOD_Txn -->
  <testcase name="RQC_Default_Refinance_Txn_Testdata" time="0.0" classname="tests.QCStore">
    <ignored/>
  </testcase> <!-- RQC_Default_Refinance_Txn_Testdata -->
  <testcase name="ILP_RefinanceStepSame_Void" time="0.0" classname="tests.QCStore">
    <ignored/>
  </testcase> <!-- ILP_RefinanceStepSame_Void -->
</testsuite> <!-- Test -->
