<?xml version="1.0" encoding="UTF-8"?>
<!-- Generated by org.testng.reporters.JUnitXMLReporter -->
<testsuite hostname="QTLSYS0-237" ignored="14" name="Test" tests="1" failures="0" timestamp="14 Sep 2020 12:58:52 GMT" time="56.351" errors="0">
  <testcase name="B20_846_TS_4" time="54.452" classname="tests.QCStore"/>
  <testcase name="Req_ID_548_ILP_01" time="0.0" classname="tests.QCStore">
    <ignored/>
  </testcase> <!-- Req_ID_548_ILP_01 -->
  <testcase name="Req_ID_548_LOC_01" time="0.0" classname="tests.QCStore">
    <ignored/>
  </testcase> <!-- Req_ID_548_LOC_01 -->
  <testcase name="B20_846_TS_5" time="0.0" classname="tests.QCStore">
    <ignored/>
  </testcase> <!-- B20_846_TS_5 -->
  <testcase name="TS_01_601_001" time="0.0" classname="tests.QCStore">
    <ignored/>
  </testcase> <!-- TS_01_601_001 -->
  <testcase name="Req_ID_548_TLP_02" time="0.0" classname="tests.QCStore">
    <ignored/>
  </testcase> <!-- Req_ID_548_TLP_02 -->
  <testcase name="B20_846_TS_6" time="0.0" classname="tests.QCStore">
    <ignored/>
  </testcase> <!-- B20_846_TS_6 -->
  <testcase name="Req_ID_548_LOC_02" time="0.0" classname="tests.QCStore">
    <ignored/>
  </testcase> <!-- Req_ID_548_LOC_02 -->
  <testcase name="Req_ID_548_TLP_01" time="0.0" classname="tests.QCStore">
    <ignored/>
  </testcase> <!-- Req_ID_548_TLP_01 -->
  <testcase name="TS_01_601_002" time="0.0" classname="tests.QCStore">
    <ignored/>
  </testcase> <!-- TS_01_601_002 -->
  <testcase name="B20_846_TS_2" time="0.0" classname="tests.QCStore">
    <ignored/>
  </testcase> <!-- B20_846_TS_2 -->
  <testcase name="Req_ID_548_ILP_02" time="0.0" classname="tests.QCStore">
    <ignored/>
  </testcase> <!-- Req_ID_548_ILP_02 -->
  <testcase name="B20_846_TS_3" time="0.0" classname="tests.QCStore">
    <ignored/>
  </testcase> <!-- B20_846_TS_3 -->
  <testcase name="B20_849_TS_3" time="0.0" classname="tests.QCStore">
    <ignored/>
  </testcase> <!-- B20_849_TS_3 -->
  <testcase name="B20_849_TS_1" time="0.0" classname="tests.QCStore">
    <ignored/>
  </testcase> <!-- B20_849_TS_1 -->
</testsuite> <!-- Test -->
