<?xml version="1.0" encoding="UTF-8"?>
<!-- Generated by org.testng.reporters.JUnitXMLReporter -->
<testsuite hostname="qtlsys1-86" ignored="24" name="Test" tests="1" failures="0" timestamp="30 Oct 2019 13:08:35 GMT" time="750.445" errors="0">
  <testcase name="borrowregNewloan_TLP" time="749.096" classname="tests.QCStore"/>
  <testcase name="GracedaysDepositMenu" time="0.0" classname="tests.QCStore">
    <ignored/>
  </testcase> <!-- GracedaysDepositMenu -->
  <testcase name="middayDeposit" time="0.0" classname="tests.QCStore">
    <ignored/>
  </testcase> <!-- middayDeposit -->
  <testcase name="Achdeposit" time="0.0" classname="tests.QCStore">
    <ignored/>
  </testcase> <!-- Achdeposit -->
  <testcase name="futureMidayDeposit" time="0.0" classname="tests.QCStore">
    <ignored/>
  </testcase> <!-- futureMidayDeposit -->
  <testcase name="AQC_EPP_Return" time="0.0" classname="tests.QCStore">
    <ignored/>
  </testcase> <!-- AQC_EPP_Return -->
  <testcase name="AQC_EPPDeposit" time="0.0" classname="tests.QCStore">
    <ignored/>
  </testcase> <!-- AQC_EPPDeposit -->
  <testcase name="RefinanceStepupVoid" time="0.0" classname="tests.QCStore">
    <ignored/>
  </testcase> <!-- RefinanceStepupVoid -->
  <testcase name="GracedaysMiddayDeposit" time="0.0" classname="tests.QCStore">
    <ignored/>
  </testcase> <!-- GracedaysMiddayDeposit -->
  <testcase name="inactiveNewloan" time="0.0" classname="tests.QCStore">
    <ignored/>
  </testcase> <!-- inactiveNewloan -->
  <testcase name="AQC_EPP_Prepayment" time="0.0" classname="tests.QCStore">
    <ignored/>
  </testcase> <!-- AQC_EPP_Prepayment -->
  <testcase name="AQC_EPP_Redeposit" time="0.0" classname="tests.QCStore">
    <ignored/>
  </testcase> <!-- AQC_EPP_Redeposit -->
  <testcase name="maxloanCount" time="0.0" classname="tests.QCStore">
    <ignored/>
  </testcase> <!-- maxloanCount -->
  <testcase name="rescindloan" time="0.0" classname="tests.QCStore">
    <ignored/>
  </testcase> <!-- rescindloan -->
  <testcase name="RefinanceStepup" time="0.0" classname="tests.QCStore">
    <ignored/>
  </testcase> <!-- RefinanceStepup -->
  <testcase name="rebateStepupVoid" time="0.0" classname="tests.QCStore">
    <ignored/>
  </testcase> <!-- rebateStepupVoid -->
  <testcase name="rebateStepup" time="0.0" classname="tests.QCStore">
    <ignored/>
  </testcase> <!-- rebateStepup -->
  <testcase name="RefinanceStepSameVoid" time="0.0" classname="tests.QCStore">
    <ignored/>
  </testcase> <!-- RefinanceStepSameVoid -->
  <testcase name="agerescindtest" time="0.0" classname="tests.QCStore">
    <ignored/>
  </testcase> <!-- agerescindtest -->
  <testcase name="AQC_EPP_refund" time="0.0" classname="tests.QCStore">
    <ignored/>
  </testcase> <!-- AQC_EPP_refund -->
  <testcase name="borrowregNewloan_ILP" time="0.0" classname="tests.QCStore">
    <ignored/>
  </testcase> <!-- borrowregNewloan_ILP -->
  <testcase name="RefinanceStepSame" time="0.0" classname="tests.QCStore">
    <ignored/>
  </testcase> <!-- RefinanceStepSame -->
  <testcase name="AQC_EPP_clear" time="0.0" classname="tests.QCStore">
    <ignored/>
  </testcase> <!-- AQC_EPP_clear -->
  <testcase name="AQC_EPP_nsfPayment" time="0.0" classname="tests.QCStore">
    <ignored/>
  </testcase> <!-- AQC_EPP_nsfPayment -->
  <testcase name="PDL_borrowregNewloan" time="0.0" classname="tests.QCStore">
    <ignored/>
  </testcase> <!-- PDL_borrowregNewloan -->
</testsuite> <!-- Test -->
