<?xml version="1.0" encoding="UTF-8"?>
<!-- Generated by org.testng.reporters.JUnitXMLReporter -->
<testsuite hostname="QTLSYS0-237" ignored="14" name="Test" tests="1" failures="1" timestamp="12 Sep 2020 15:08:57 GMT" time="409.618" errors="0">
  <testcase name="JQC_ILP_To_TLPConversion_Txn" time="403.404" classname="tests.QCStore">
    <failure type="java.lang.AssertionError" message="expected [true] but found [false]">
      <![CDATA[java.lang.AssertionError: expected [true] but found [false]
at tests.JQCILPCSRNewLoan.newLoan(JQCILPCSRNewLoan.java:265)
at tests.QCStore.JQC_ILP_To_TLPConversion_Txn(QCStore.java:184)
... Removed 29 stack frames]]>
    </failure>
  </testcase> <!-- JQC_ILP_To_TLPConversion_Txn -->
  <testcase name="JQC_PDLWithPDLLoan_ILPLoan_ILP_To_ILPConversion_Txn" time="0.0" classname="tests.QCStore">
    <ignored/>
  </testcase> <!-- JQC_PDLWithPDLLoan_ILPLoan_ILP_To_ILPConversion_Txn -->
  <testcase name="JQC_PDL_To_ILP_Loan_Conversion_Txn" time="0.0" classname="tests.QCStore">
    <ignored/>
  </testcase> <!-- JQC_PDL_To_ILP_Loan_Conversion_Txn -->
  <testcase name="QC_ILPLoan_TLPLoan_TLPtoILPConversion" time="0.0" classname="tests.QCStore">
    <ignored/>
  </testcase> <!-- QC_ILPLoan_TLPLoan_TLPtoILPConversion -->
  <testcase name="QC_ILPDefaultLoan_TLPLoan_to_ILPCOnversion" time="0.0" classname="tests.QCStore">
    <ignored/>
  </testcase> <!-- QC_ILPDefaultLoan_TLPLoan_to_ILPCOnversion -->
  <testcase name="JQC_TwoPDLLoan_PDLLoan_To_ILPConversion_Txn" time="0.0" classname="tests.QCStore">
    <ignored/>
  </testcase> <!-- JQC_TwoPDLLoan_PDLLoan_To_ILPConversion_Txn -->
  <testcase name="JQC_PDLWithPDLLoan_ManualDefault_PDL_To_ILPConversion_Txn" time="0.0" classname="tests.QCStore">
    <ignored/>
  </testcase> <!-- JQC_PDLWithPDLLoan_ManualDefault_PDL_To_ILPConversion_Txn -->
  <testcase name="QC_ILPLoan_ILP_Conversion" time="0.0" classname="tests.QCStore">
    <ignored/>
  </testcase> <!-- QC_ILPLoan_ILP_Conversion -->
  <testcase name="JQC_PDLWithPDLLoan_ILPLoan_PDL_To_ILPConversion_Txn" time="0.0" classname="tests.QCStore">
    <ignored/>
  </testcase> <!-- JQC_PDLWithPDLLoan_ILPLoan_PDL_To_ILPConversion_Txn -->
  <testcase name="JQC_ILPHeldLoan_PDLWriteOffLoan_PDLLoan_To_ILPConversion_Txn" time="0.0" classname="tests.QCStore">
    <ignored/>
  </testcase> <!-- JQC_ILPHeldLoan_PDLWriteOffLoan_PDLLoan_To_ILPConversion_Txn -->
  <testcase name="QC_TLP_ILP_Conversion" time="0.0" classname="tests.QCStore">
    <ignored/>
  </testcase> <!-- QC_TLP_ILP_Conversion -->
  <testcase name="QC_ILPLoan_TLPLoan_to_ILPCOnversion" time="0.0" classname="tests.QCStore">
    <ignored/>
  </testcase> <!-- QC_ILPLoan_TLPLoan_to_ILPCOnversion -->
  <testcase name="QC_ILPLoan_TLPLoan_ILptoTLPwithpayment_Conversion" time="0.0" classname="tests.QCStore">
    <ignored/>
  </testcase> <!-- QC_ILPLoan_TLPLoan_ILptoTLPwithpayment_Conversion -->
  <testcase name="JQC_ILPDefaultLoan_PDLLoan_To_ILPConversion_Txn" time="0.0" classname="tests.QCStore">
    <ignored/>
  </testcase> <!-- JQC_ILPDefaultLoan_PDLLoan_To_ILPConversion_Txn -->
  <testcase name="JQC_ILPWithILPLoan_PDLLoan_To_ILPConversion_Txn" time="0.0" classname="tests.QCStore">
    <ignored/>
  </testcase> <!-- JQC_ILPWithILPLoan_PDLLoan_To_ILPConversion_Txn -->
</testsuite> <!-- Test -->
