<?xml version="1.0" encoding="UTF-8"?>
<testng-results skipped="0" failed="0" ignored="14" total="15" passed="1">
  <reporter-output>
  </reporter-output>
  <suite name="Suite" duration-ms="56351" started-at="2020-09-14T12:57:56Z" finished-at="2020-09-14T12:58:52Z">
    <groups>
      <group name="TLP12">
        <method signature="QCStore.B20_846_TS_4()[pri:20, instance:tests.QCStore@5f9d02cb]" name="B20_846_TS_4" class="tests.QCStore"/>
      </group> <!-- TLP12 -->
    </groups>
    <test name="Test" duration-ms="56351" started-at="2020-09-14T12:57:56Z" finished-at="2020-09-14T12:58:52Z">
      <class name="tests.QCStore">
        <test-method status="PASS" signature="setup()[pri:0, instance:tests.QCStore@5f9d02cb]" name="setup" is-config="true" duration-ms="90" started-at="2020-09-14T12:57:56Z" finished-at="2020-09-14T12:57:56Z">
          <reporter-output>
          </reporter-output>
        </test-method> <!-- setup -->
        <test-method status="PASS" signature="killProcess()[pri:0, instance:tests.QCStore@5f9d02cb]" name="killProcess" is-config="true" duration-ms="1013" started-at="2020-09-14T12:57:56Z" finished-at="2020-09-14T12:57:57Z">
          <reporter-output>
          </reporter-output>
        </test-method> <!-- killProcess -->
        <test-method status="PASS" signature="B20_846_TS_4()[pri:20, instance:tests.QCStore@5f9d02cb]" name="B20_846_TS_4" duration-ms="54452" started-at="2020-09-14T12:57:57Z" finished-at="2020-09-14T12:58:51Z">
          <reporter-output>
          </reporter-output>
        </test-method> <!-- B20_846_TS_4 -->
        <test-method status="PASS" signature="getResult(org.testng.ITestResult)[pri:0, instance:tests.QCStore@5f9d02cb]" name="getResult" is-config="true" duration-ms="785" started-at="2020-09-14T12:58:51Z" finished-at="2020-09-14T12:58:52Z">
          <params>
            <param index="0">
              <value>
                <![CDATA[[TestResult name=B20_846_TS_4 status=SUCCESS method=QCStore.B20_846_TS_4()[pri:20, instance:tests.QCStore@5f9d02cb] output={null}]]]>
              </value>
            </param>
          </params>
          <reporter-output>
          </reporter-output>
        </test-method> <!-- getResult -->
      </class> <!-- tests.QCStore -->
    </test> <!-- Test -->
  </suite> <!-- Suite -->
</testng-results>
