<?xml version="1.0" encoding="UTF-8"?>
<!-- Generated by org.testng.reporters.JUnitXMLReporter -->
<testsuite hostname="QTLSYS0-237" ignored="103" name="Test" tests="6" failures="0" timestamp="11 Sep 2020 19:24:58 GMT" time="6891.266" errors="0">
  <testcase name="B20_404_TS_11" time="1535.53" classname="tests.QCStore"/>
  <testcase name="B20_404_TS_12" time="1033.714" classname="tests.QCStore"/>
  <testcase name="B20_404_TS_13" time="1260.361" classname="tests.QCStore"/>
  <testcase name="B20_404_TS_14" time="950.91" classname="tests.QCStore"/>
  <testcase name="B20_404_TS_15" time="544.108" classname="tests.QCStore"/>
  <testcase name="B20_404_TS_16" time="1565.473" classname="tests.QCStore"/>
  <testcase name="QF_342_TS013" time="0.0" classname="tests.QCStore">
    <ignored/>
  </testcase> <!-- QF_342_TS013 -->
  <testcase name="QF_342_TS010" time="0.0" classname="tests.QCStore">
    <ignored/>
  </testcase> <!-- QF_342_TS010 -->
  <testcase name="QF_342_TS012" time="0.0" classname="tests.QCStore">
    <ignored/>
  </testcase> <!-- QF_342_TS012 -->
  <testcase name="QF_342_TS017" time="0.0" classname="tests.QCStore">
    <ignored/>
  </testcase> <!-- QF_342_TS017 -->
  <testcase name="QF_342_TS014" time="0.0" classname="tests.QCStore">
    <ignored/>
  </testcase> <!-- QF_342_TS014 -->
  <testcase name="QF_342_TS011" time="0.0" classname="tests.QCStore">
    <ignored/>
  </testcase> <!-- QF_342_TS011 -->
  <testcase name="QF_342_TS016" time="0.0" classname="tests.QCStore">
    <ignored/>
  </testcase> <!-- QF_342_TS016 -->
  <testcase name="B20_405_TS_27" time="0.0" classname="tests.QCStore">
    <ignored/>
  </testcase> <!-- B20_405_TS_27 -->
  <testcase name="B20_405_TS_29" time="0.0" classname="tests.QCStore">
    <ignored/>
  </testcase> <!-- B20_405_TS_29 -->
  <testcase name="B20_405_TS_28" time="0.0" classname="tests.QCStore">
    <ignored/>
  </testcase> <!-- B20_405_TS_28 -->
  <testcase name="QF_601_TS_015" time="0.0" classname="tests.QCStore">
    <ignored/>
  </testcase> <!-- QF_601_TS_015 -->
  <testcase name="B20_405_TS_30" time="0.0" classname="tests.QCStore">
    <ignored/>
  </testcase> <!-- B20_405_TS_30 -->
  <testcase name="QF_601_TS_010" time="0.0" classname="tests.QCStore">
    <ignored/>
  </testcase> <!-- QF_601_TS_010 -->
  <testcase name="QF_601_TS_013" time="0.0" classname="tests.QCStore">
    <ignored/>
  </testcase> <!-- QF_601_TS_013 -->
  <testcase name="QF_601_TS_016" time="0.0" classname="tests.QCStore">
    <ignored/>
  </testcase> <!-- QF_601_TS_016 -->
  <testcase name="QF_601_TS_011" time="0.0" classname="tests.QCStore">
    <ignored/>
  </testcase> <!-- QF_601_TS_011 -->
  <testcase name="QF_601_TS_012" time="0.0" classname="tests.QCStore">
    <ignored/>
  </testcase> <!-- QF_601_TS_012 -->
  <testcase name="QF_342_TS007" time="0.0" classname="tests.QCStore">
    <ignored/>
  </testcase> <!-- QF_342_TS007 -->
  <testcase name="QF_342_TS009" time="0.0" classname="tests.QCStore">
    <ignored/>
  </testcase> <!-- QF_342_TS009 -->
  <testcase name="QF_601_TS_014" time="0.0" classname="tests.QCStore">
    <ignored/>
  </testcase> <!-- QF_601_TS_014 -->
  <testcase name="QF_601_TS_017" time="0.0" classname="tests.QCStore">
    <ignored/>
  </testcase> <!-- QF_601_TS_017 -->
  <testcase name="QF_342_TS008" time="0.0" classname="tests.QCStore">
    <ignored/>
  </testcase> <!-- QF_342_TS008 -->
  <testcase name="QF_342_TS001" time="0.0" classname="tests.QCStore">
    <ignored/>
  </testcase> <!-- QF_342_TS001 -->
  <testcase name="QF_369_TS043" time="0.0" classname="tests.QCStore">
    <ignored/>
  </testcase> <!-- QF_369_TS043 -->
  <testcase name="QF_342_TS006" time="0.0" classname="tests.QCStore">
    <ignored/>
  </testcase> <!-- QF_342_TS006 -->
  <testcase name="QF_342_TS003" time="0.0" classname="tests.QCStore">
    <ignored/>
  </testcase> <!-- QF_342_TS003 -->
  <testcase name="QF_342_TS005" time="0.0" classname="tests.QCStore">
    <ignored/>
  </testcase> <!-- QF_342_TS005 -->
  <testcase name="QF_342_TS035" time="0.0" classname="tests.QCStore">
    <ignored/>
  </testcase> <!-- QF_342_TS035 -->
  <testcase name="QF_342_TS032" time="0.0" classname="tests.QCStore">
    <ignored/>
  </testcase> <!-- QF_342_TS032 -->
  <testcase name="QF_342_TS034" time="0.0" classname="tests.QCStore">
    <ignored/>
  </testcase> <!-- QF_342_TS034 -->
  <testcase name="QF_369_TS039" time="0.0" classname="tests.QCStore">
    <ignored/>
  </testcase> <!-- QF_369_TS039 -->
  <testcase name="QF_342_TS036" time="0.0" classname="tests.QCStore">
    <ignored/>
  </testcase> <!-- QF_342_TS036 -->
  <testcase name="QF_369_TS037" time="0.0" classname="tests.QCStore">
    <ignored/>
  </testcase> <!-- QF_369_TS037 -->
  <testcase name="QF_342_TS033" time="0.0" classname="tests.QCStore">
    <ignored/>
  </testcase> <!-- QF_342_TS033 -->
  <testcase name="QF_369_TS038" time="0.0" classname="tests.QCStore">
    <ignored/>
  </testcase> <!-- QF_369_TS038 -->
  <testcase name="B20_405_TS_24" time="0.0" classname="tests.QCStore">
    <ignored/>
  </testcase> <!-- B20_405_TS_24 -->
  <testcase name="QF_342_TS031" time="0.0" classname="tests.QCStore">
    <ignored/>
  </testcase> <!-- QF_342_TS031 -->
  <testcase name="QF_342_TS030" time="0.0" classname="tests.QCStore">
    <ignored/>
  </testcase> <!-- QF_342_TS030 -->
  <testcase name="B20_404_TS_41" time="0.0" classname="tests.QCStore">
    <ignored/>
  </testcase> <!-- B20_404_TS_41 -->
  <testcase name="QF_342_TS029" time="0.0" classname="tests.QCStore">
    <ignored/>
  </testcase> <!-- QF_342_TS029 -->
  <testcase name="QF_369_TS045" time="0.0" classname="tests.QCStore">
    <ignored/>
  </testcase> <!-- QF_369_TS045 -->
  <testcase name="QF_369_TS042" time="0.0" classname="tests.QCStore">
    <ignored/>
  </testcase> <!-- QF_369_TS042 -->
  <testcase name="QF_369_TS040" time="0.0" classname="tests.QCStore">
    <ignored/>
  </testcase> <!-- QF_369_TS040 -->
  <testcase name="QF_369_TS041" time="0.0" classname="tests.QCStore">
    <ignored/>
  </testcase> <!-- QF_369_TS041 -->
  <testcase name="QF_342_TS024" time="0.0" classname="tests.QCStore">
    <ignored/>
  </testcase> <!-- QF_342_TS024 -->
  <testcase name="QF_342_TS021" time="0.0" classname="tests.QCStore">
    <ignored/>
  </testcase> <!-- QF_342_TS021 -->
  <testcase name="QF_342_TS023" time="0.0" classname="tests.QCStore">
    <ignored/>
  </testcase> <!-- QF_342_TS023 -->
  <testcase name="QF_342_TS028" time="0.0" classname="tests.QCStore">
    <ignored/>
  </testcase> <!-- QF_342_TS028 -->
  <testcase name="QF_342_TS025" time="0.0" classname="tests.QCStore">
    <ignored/>
  </testcase> <!-- QF_342_TS025 -->
  <testcase name="QF_342_TS022" time="0.0" classname="tests.QCStore">
    <ignored/>
  </testcase> <!-- QF_342_TS022 -->
  <testcase name="QF_342_TS027" time="0.0" classname="tests.QCStore">
    <ignored/>
  </testcase> <!-- QF_342_TS027 -->
  <testcase name="QF_369_TS046" time="0.0" classname="tests.QCStore">
    <ignored/>
  </testcase> <!-- QF_369_TS046 -->
  <testcase name="QF_342_TS020" time="0.0" classname="tests.QCStore">
    <ignored/>
  </testcase> <!-- QF_342_TS020 -->
  <testcase name="B20_405_TS_22" time="0.0" classname="tests.QCStore">
    <ignored/>
  </testcase> <!-- B20_405_TS_22 -->
  <testcase name="B20_405_TS_21" time="0.0" classname="tests.QCStore">
    <ignored/>
  </testcase> <!-- B20_405_TS_21 -->
  <testcase name="B20_405_TS_26" time="0.0" classname="tests.QCStore">
    <ignored/>
  </testcase> <!-- B20_405_TS_26 -->
  <testcase name="B20_405_TS_23" time="0.0" classname="tests.QCStore">
    <ignored/>
  </testcase> <!-- B20_405_TS_23 -->
  <testcase name="QF_601_TS_001" time="0.0" classname="tests.QCStore">
    <ignored/>
  </testcase> <!-- QF_601_TS_001 -->
  <testcase name="B20_405_TS_25" time="0.0" classname="tests.QCStore">
    <ignored/>
  </testcase> <!-- B20_405_TS_25 -->
  <testcase name="QF_342_TS018" time="0.0" classname="tests.QCStore">
    <ignored/>
  </testcase> <!-- QF_342_TS018 -->
  <testcase name="QF_342_TS019" time="0.0" classname="tests.QCStore">
    <ignored/>
  </testcase> <!-- QF_342_TS019 -->
  <testcase name="QF_369_TS014" time="0.0" classname="tests.QCStore">
    <ignored/>
  </testcase> <!-- QF_369_TS014 -->
  <testcase name="QF_369_TS017" time="0.0" classname="tests.QCStore">
    <ignored/>
  </testcase> <!-- QF_369_TS017 -->
  <testcase name="QF_369_TS015" time="0.0" classname="tests.QCStore">
    <ignored/>
  </testcase> <!-- QF_369_TS015 -->
  <testcase name="QF_369_TS016" time="0.0" classname="tests.QCStore">
    <ignored/>
  </testcase> <!-- QF_369_TS016 -->
  <testcase name="QF_369_TS018" time="0.0" classname="tests.QCStore">
    <ignored/>
  </testcase> <!-- QF_369_TS018 -->
  <testcase name="B20_403_TS_6" time="0.0" classname="tests.QCStore">
    <ignored/>
  </testcase> <!-- B20_403_TS_6 -->
  <testcase name="QF_342_TS026" time="0.0" classname="tests.QCStore">
    <ignored/>
  </testcase> <!-- QF_342_TS026 -->
  <testcase name="QF_369_TS023" time="0.0" classname="tests.QCStore">
    <ignored/>
  </testcase> <!-- QF_369_TS023 -->
  <testcase name="QF_342_TS043" time="0.0" classname="tests.QCStore">
    <ignored/>
  </testcase> <!-- QF_342_TS043 -->
  <testcase name="QF_884_TS_008" time="0.0" classname="tests.QCStore">
    <ignored/>
  </testcase> <!-- QF_884_TS_008 -->
  <testcase name="QF_369_TS028" time="0.0" classname="tests.QCStore">
    <ignored/>
  </testcase> <!-- QF_369_TS028 -->
  <testcase name="QF_342_TS044" time="0.0" classname="tests.QCStore">
    <ignored/>
  </testcase> <!-- QF_342_TS044 -->
  <testcase name="QF_342_TS042" time="0.0" classname="tests.QCStore">
    <ignored/>
  </testcase> <!-- QF_342_TS042 -->
  <testcase name="QF_369_TS029" time="0.0" classname="tests.QCStore">
    <ignored/>
  </testcase> <!-- QF_369_TS029 -->
  <testcase name="QF_342_TS041" time="0.0" classname="tests.QCStore">
    <ignored/>
  </testcase> <!-- QF_342_TS041 -->
  <testcase name="QF_884_TS_002" time="0.0" classname="tests.QCStore">
    <ignored/>
  </testcase> <!-- QF_884_TS_002 -->
  <testcase name="QF_884_TS_001" time="0.0" classname="tests.QCStore">
    <ignored/>
  </testcase> <!-- QF_884_TS_001 -->
  <testcase name="QF_369_TS033" time="0.0" classname="tests.QCStore">
    <ignored/>
  </testcase> <!-- QF_369_TS033 -->
  <testcase name="QF_342_TS0039" time="0.0" classname="tests.QCStore">
    <ignored/>
  </testcase> <!-- QF_342_TS0039 -->
  <testcase name="QF_369_TS034" time="0.0" classname="tests.QCStore">
    <ignored/>
  </testcase> <!-- QF_369_TS034 -->
  <testcase name="QF_884_TS_009" time="0.0" classname="tests.QCStore">
    <ignored/>
  </testcase> <!-- QF_884_TS_009 -->
  <testcase name="QF_369_TS010" time="0.0" classname="tests.QCStore">
    <ignored/>
  </testcase> <!-- QF_369_TS010 -->
  <testcase name="B20_403_TS_9" time="0.0" classname="tests.QCStore">
    <ignored/>
  </testcase> <!-- B20_403_TS_9 -->
  <testcase name="QF_369_TS001" time="0.0" classname="tests.QCStore">
    <ignored/>
  </testcase> <!-- QF_369_TS001 -->
  <testcase name="QF_342_TS048" time="0.0" classname="tests.QCStore">
    <ignored/>
  </testcase> <!-- QF_342_TS048 -->
  <testcase name="QF_369_TS003" time="0.0" classname="tests.QCStore">
    <ignored/>
  </testcase> <!-- QF_369_TS003 -->
  <testcase name="QF_369_TS008" time="0.0" classname="tests.QCStore">
    <ignored/>
  </testcase> <!-- QF_369_TS008 -->
  <testcase name="QF_369_TS009" time="0.0" classname="tests.QCStore">
    <ignored/>
  </testcase> <!-- QF_369_TS009 -->
  <testcase name="QF_369_TS006" time="0.0" classname="tests.QCStore">
    <ignored/>
  </testcase> <!-- QF_369_TS006 -->
  <testcase name="B20_403_TS_10" time="0.0" classname="tests.QCStore">
    <ignored/>
  </testcase> <!-- B20_403_TS_10 -->
  <testcase name="QF_342_TS0046" time="0.0" classname="tests.QCStore">
    <ignored/>
  </testcase> <!-- QF_342_TS0046 -->
  <testcase name="QF_369_TS002" time="0.0" classname="tests.QCStore">
    <ignored/>
  </testcase> <!-- QF_369_TS002 -->
  <testcase name="B20_403_TS_3" time="0.0" classname="tests.QCStore">
    <ignored/>
  </testcase> <!-- B20_403_TS_3 -->
  <testcase name="B20_403_TS_1" time="0.0" classname="tests.QCStore">
    <ignored/>
  </testcase> <!-- B20_403_TS_1 -->
  <testcase name="B20_403_TS_4" time="0.0" classname="tests.QCStore">
    <ignored/>
  </testcase> <!-- B20_403_TS_4 -->
  <testcase name="QF_369_TS007" time="0.0" classname="tests.QCStore">
    <ignored/>
  </testcase> <!-- QF_369_TS007 -->
  <testcase name="B20_403_TS_7" time="0.0" classname="tests.QCStore">
    <ignored/>
  </testcase> <!-- B20_403_TS_7 -->
  <testcase name="B20_403_TS_2" time="0.0" classname="tests.QCStore">
    <ignored/>
  </testcase> <!-- B20_403_TS_2 -->
  <testcase name="B20_403_TS_5" time="0.0" classname="tests.QCStore">
    <ignored/>
  </testcase> <!-- B20_403_TS_5 -->
  <testcase name="B20_403_TS_8" time="0.0" classname="tests.QCStore">
    <ignored/>
  </testcase> <!-- B20_403_TS_8 -->
  <testcase name="QF_369_TS011" time="0.0" classname="tests.QCStore">
    <ignored/>
  </testcase> <!-- QF_369_TS011 -->
  <testcase name="QF_369_TS012" time="0.0" classname="tests.QCStore">
    <ignored/>
  </testcase> <!-- QF_369_TS012 -->
</testsuite> <!-- Test -->
