<?xml version="1.0" encoding="UTF-8"?>
<testng-results skipped="0" failed="0" ignored="0" total="1" passed="1">
  <reporter-output>
  </reporter-output>
  <suite name="Default suite" duration-ms="639947" started-at="2020-03-02T08:03:05Z" finished-at="2020-03-02T08:13:45Z">
    <groups>
      <group name="Janaki">
        <method signature="LendNation.LendNation()[pri:0, instance:tests.LendNation@5ce81285]" name="LendNation" class="tests.LendNation"/>
      </group> <!-- Janaki -->
    </groups>
    <test name="Default test" duration-ms="639947" started-at="2020-03-02T08:03:05Z" finished-at="2020-03-02T08:13:45Z">
      <class name="tests.LendNation">
        <test-method status="PASS" signature="setup()[pri:0, instance:tests.LendNation@5ce81285]" name="setup" is-config="true" duration-ms="74" started-at="2020-03-02T08:03:05Z" finished-at="2020-03-02T08:03:05Z">
          <reporter-output>
          </reporter-output>
        </test-method> <!-- setup -->
        <test-method status="PASS" signature="LendNation()[pri:0, instance:tests.LendNation@5ce81285]" name="LendNation" duration-ms="639706" started-at="2020-03-02T08:03:05Z" finished-at="2020-03-02T08:13:44Z">
          <reporter-output>
          </reporter-output>
        </test-method> <!-- LendNation -->
        <test-method status="PASS" signature="getResult(org.testng.ITestResult)[pri:0, instance:tests.LendNation@5ce81285]" name="getResult" is-config="true" duration-ms="1" started-at="2020-03-02T08:13:44Z" finished-at="2020-03-02T08:13:44Z">
          <params>
            <param index="0">
              <value>
                <![CDATA[[TestResult name=LendNation status=SUCCESS method=LendNation.LendNation()[pri:0, instance:tests.LendNation@5ce81285] output={null}]]]>
              </value>
            </param>
          </params>
          <reporter-output>
          </reporter-output>
        </test-method> <!-- getResult -->
        <test-method status="PASS" signature="endReport()[pri:0, instance:tests.LendNation@5ce81285]" name="endReport" is-config="true" duration-ms="151" started-at="2020-03-02T08:13:44Z" finished-at="2020-03-02T08:13:45Z">
          <reporter-output>
          </reporter-output>
        </test-method> <!-- endReport -->
      </class> <!-- tests.LendNation -->
    </test> <!-- Default test -->
  </suite> <!-- Default suite -->
</testng-results>
