<?xml version="1.0" encoding="UTF-8"?>
<!-- Generated by org.testng.reporters.JUnitXMLReporter -->
<testsuite hostname="QTLSYS0-237" ignored="0" name="Test" tests="16" failures="3" timestamp="10 Sep 2020 14:01:13 GMT" time="14378.221" errors="0">
  <testcase name="JQC_ILP_Deposit_Return_OtherPayment_Txn" time="652.709" classname="tests.QCStore"/>
  <testcase name="JQC_LOC_SignatureLoan_Run2Statements_WaiveFee_Txn" time="757.803" classname="tests.QCStore"/>
  <testcase name="JQC_LOC_SignatureLoan_Run2Statements_PartialWaiveFee_Txn" time="675.864" classname="tests.QCStore"/>
  <testcase name="JQC_LOC_SignatureLoan_Run2Statements_Default_PartialWaiveFee_Txn" time="798.879" classname="tests.QCStore"/>
  <testcase name="JQC_LOC_SignatureLoan_Run2Statements_Default_WaiveFee_Txn" time="752.248" classname="tests.QCStore"/>
  <testcase name="JQC_TLP_DCDeposit_Decline_2ndDeposit_Decline_Default_Repo_Redeposit_Decline_Txn" time="970.153" classname="tests.QCStore">
    <failure type="java.lang.NullPointerException" message="null value in entry: url=null">
      <![CDATA[java.lang.NullPointerException: null value in entry: url=null
at com.google.common.collect.CollectPreconditions.checkEntryNotNull(CollectPreconditions.java:32)
at com.google.common.collect.SingletonImmutableBiMap.<init>(SingletonImmutableBiMap.java:42)
at com.google.common.collect.ImmutableBiMap.of(ImmutableBiMap.java:72)
at com.google.common.collect.ImmutableMap.of(ImmutableMap.java:124)
at org.openqa.selenium.remote.RemoteWebDriver.get(RemoteWebDriver.java:276)
at tests.RepoReqDenied.repoProcess(RepoReqDenied.java:93)
at tests.QCStore.JQC_TLP_DCDeposit_Decline_2ndDeposit_Decline_Default_Repo_Redeposit_Decline_Txn(QCStore.java:512)
... Removed 25 stack frames]]>
    </failure>
  </testcase> <!-- JQC_TLP_DCDeposit_Decline_2ndDeposit_Decline_Default_Repo_Redeposit_Decline_Txn -->
  <testcase name="JQC_TXMPDL_Newloan_Lessthan_CSOFee_Gracedays_Payment_Txn" time="696.941" classname="tests.QCStore"/>
  <testcase name="JQC_TXMPDL_Newloan_Lessthan_CSOFee_Duedate_Payment_Txn" time="519.906" classname="tests.QCStore"/>
  <testcase name="JQC_TXMPDL_Newloan_Greaterthan_CSOFee_Gracedays_Payment_Txn" time="652.431" classname="tests.QCStore"/>
  <testcase name="JQC_TXMPDL_Newloan_Greaterthan_CSOFee_Duedate_1stInstPayment_Gracedays_2ndInstalPayment_Txn" time="759.287" classname="tests.QCStore"/>
  <testcase name="JQC_TXMPDLACH_Newloan_Deposit2_5instand6_Txn" time="1233.866" classname="tests.QCStore"/>
  <testcase name="JQC_TXMPDLDC_Newloan_Deposit2_5instand6_Txn" time="1200.665" classname="tests.QCStore"/>
  <testcase name="JQC_ILP_Newloan_Deposit_Return_Deposit_Txn" time="981.555" classname="tests.QCStore"/>
  <testcase name="JQC_ILP_Newloan_Deposit_Return_Deposit_Deposit_Txn" time="1036.337" classname="tests.QCStore"/>
  <testcase name="JQC_ILP_Newloan_ThreeDeposit_ThreeReturn_Default_NoCashOutRefinance_Txn" time="1259.856" classname="tests.QCStore">
    <failure type="junit.framework.AssertionFailedError">
      <![CDATA[junit.framework.AssertionFailedError
at junit.framework.Assert.fail(Assert.java:47)
at junit.framework.Assert.assertTrue(Assert.java:20)
at junit.framework.Assert.assertTrue(Assert.java:27)
at tests.LegalGarnishment.lAndG(LegalGarnishment.java:193)
at tests.QCStore.JQC_ILP_Newloan_ThreeDeposit_ThreeReturn_Default_NoCashOutRefinance_Txn(QCStore.java:1248)
... Removed 25 stack frames]]>
    </failure>
  </testcase> <!-- JQC_ILP_Newloan_ThreeDeposit_ThreeReturn_Default_NoCashOutRefinance_Txn -->
  <testcase name="JQC_ILP_Newloan_ThreeDeposit_ThreeReturn_Default_YesCashOutRefinance_Txn" time="1346.186" classname="tests.QCStore">
    <failure type="junit.framework.AssertionFailedError">
      <![CDATA[junit.framework.AssertionFailedError
at junit.framework.Assert.fail(Assert.java:47)
at junit.framework.Assert.assertTrue(Assert.java:20)
at junit.framework.Assert.assertTrue(Assert.java:27)
at tests.LegalGarnishment.lAndG(LegalGarnishment.java:193)
at tests.QCStore.JQC_ILP_Newloan_ThreeDeposit_ThreeReturn_Default_YesCashOutRefinance_Txn(QCStore.java:1378)
... Removed 25 stack frames]]>
    </failure>
  </testcase> <!-- JQC_ILP_Newloan_ThreeDeposit_ThreeReturn_Default_YesCashOutRefinance_Txn -->
</testsuite> <!-- Test -->
